
*** tstart() called on Ritabans-MacBook-Pro.local
*** at Thu Jul 22 20:54:15 2021

   => Loading Basis Set <=

    Name: STO-3G
    Role: ORBITAL
    Keyword: BASIS
    atoms 1 entry LI         line    31 file /Users/ritabanchowdhury/miniconda3/envs/vqe/share/psi4/basis/sto-3g.gbs 
    atoms 2 entry H          line    19 file /Users/ritabanchowdhury/miniconda3/envs/vqe/share/psi4/basis/sto-3g.gbs 


         ---------------------------------------------------------
                                   SCF
               by Justin Turney, Rob Parrish, Andy Simmonett
                          and Daniel G. A. Smith
                              RHF Reference
                        1 Threads,    500 MiB Core
         ---------------------------------------------------------

  ==> Geometry <==

    Molecular point group: c2v
    Full point group: C_inf_v

    Geometry (in Angstrom), charge = 0, multiplicity = 1:

       Center              X                  Y                   Z               Mass       
    ------------   -----------------  -----------------  -----------------  -----------------
         LI           0.000000000000     0.000000000000    -0.188406015186     7.016003436600
         H            0.000000000000     0.000000000000     1.311593984814     1.007825032230

  Running in c2v symmetry.

  Rotational constants: A = ************  B =      8.50199  C =      8.50199 [cm^-1]
  Rotational constants: A = ************  B = 254883.30092  C = 254883.30092 [MHz]
  Nuclear repulsion =    1.058354421340000

  Charge       = 0
  Multiplicity = 1
  Electrons    = 4
  Nalpha       = 2
  Nbeta        = 2

  ==> Algorithm <==

  SCF Algorithm Type is DF.
  DIIS enabled.
  MOM disabled.
  Fractional occupation disabled.
  Guess Type is SAD.
  Energy threshold   = 1.00e-06
  Density threshold  = 1.00e-06
  Integral threshold = 0.00e+00

  ==> Primary Basis <==

  Basis Set: STO-3G
    Blend: STO-3G
    Number of shells: 4
    Number of basis function: 6
    Number of Cartesian functions: 6
    Spherical Harmonics?: true
    Max angular momentum: 1

   => Loading Basis Set <=

    Name: (STO-3G AUX)
    Role: JKFIT
    Keyword: DF_BASIS_SCF
    atoms 1 entry LI         line    59 file /Users/ritabanchowdhury/miniconda3/envs/vqe/share/psi4/basis/def2-svp-jkfit.gbs 
    atoms 2 entry H          line    23 file /Users/ritabanchowdhury/miniconda3/envs/vqe/share/psi4/basis/def2-svp-jkfit.gbs 

  ==> Pre-Iterations <==

   -------------------------------------------------------
    Irrep   Nso     Nmo     Nalpha   Nbeta   Ndocc  Nsocc
   -------------------------------------------------------
     A1         4       4       0       0       0       0
     A2         0       0       0       0       0       0
     B1         1       1       0       0       0       0
     B2         1       1       0       0       0       0
   -------------------------------------------------------
    Total       6       6       2       2       2       0
   -------------------------------------------------------

  ==> Integral Setup <==

  DFHelper Memory: AOs need 0.000 GiB; user supplied 0.366 GiB. Using in-core AOs.

  ==> MemDFJK: Density-Fitted J/K Matrices <==

    J tasked:                   Yes
    K tasked:                   Yes
    wK tasked:                   No
    OpenMP threads:               1
    Memory [MiB]:               375
    Algorithm:                 Core
    Schwarz Cutoff:           1E-12
    Mask sparsity (%):       0.0000
    Fitting Condition:        1E-10

   => Auxiliary Basis Set <=

  Basis Set: (STO-3G AUX)
    Blend: DEF2-SVP-JKFIT
    Number of shells: 23
    Number of basis function: 69
    Number of Cartesian functions: 80
    Spherical Harmonics?: true
    Max angular momentum: 3

  Minimum eigenvalue in the overlap matrix is 3.1972177986E-01.
  Using Symmetric Orthogonalization.

  SCF Guess: Superposition of Atomic Densities via on-the-fly atomic UHF.

  ==> Iterations <==

                           Total Energy        Delta E     RMS |[F,P]|

   @DF-RHF iter SAD:    -7.45722349948197   -7.45722e+00   0.00000e+00 
   @DF-RHF iter   1:    -7.84703868823032   -3.89815e-01   2.56563e-02 DIIS
   @DF-RHF iter   2:    -7.86306527298029   -1.60266e-02   2.60294e-03 DIIS
   @DF-RHF iter   3:    -7.86337951695771   -3.14244e-04   7.91824e-04 DIIS
   @DF-RHF iter   4:    -7.86344177880640   -6.22618e-05   3.76509e-05 DIIS
   @DF-RHF iter   5:    -7.86344186790230   -8.90959e-08   1.81779e-06 DIIS
   @DF-RHF iter   6:    -7.86344186806540   -1.63103e-10   2.75323e-08 DIIS
  Energy and wave function converged.


  ==> Post-Iterations <==

    Orbital Energies [Eh]
    ---------------------

    Doubly Occupied:                                                      

       1A1    -2.346911     2A1    -0.293565  

    Virtual:                                                              

       3A1     0.078992     1B1     0.163760     1B2     0.163760  
       4A1     0.574357  

    Final Occupation by Irrep:
             A1    A2    B1    B2 
    DOCC [     2,    0,    0,    0 ]

  @DF-RHF Final Energy:    -7.86344186806540

   => Energetics <=

    Nuclear Repulsion Energy =              1.0583544213400000
    One-Electron Energy =                 -12.5626402420744192
    Two-Electron Energy =                   3.6408439526690155
    Total Energy =                         -7.8634418680654026

Computation Completed


Properties will be evaluated at   0.000000,   0.000000,   0.000000 [a0]

Properties computed using the SCF density matrix

  Nuclear Dipole Moment: [e a0]
     X:     0.0000      Y:     0.0000      Z:     1.4104

  Electronic Dipole Moment: [e a0]
     X:     0.0000      Y:     0.0000      Z:    -3.3135

  Dipole Moment: [e a0]
     X:     0.0000      Y:     0.0000      Z:    -1.9031     Total:     1.9031

  Dipole Moment: [D]
     X:     0.0000      Y:     0.0000      Z:    -4.8371     Total:     4.8371


*** tstop() called on Ritabans-MacBook-Pro.local at Thu Jul 22 20:54:15 2021
Module time:
	user time   =       0.23 seconds =       0.00 minutes
	system time =       0.02 seconds =       0.00 minutes
	total time  =          0 seconds =       0.00 minutes
Total time:
	user time   =     402.34 seconds =       6.71 minutes
	system time =     152.03 seconds =       2.53 minutes
	total time  =      43338 seconds =     722.30 minutes

         ---------------------------------------------------------
                                   SCF
               by Justin Turney, Rob Parrish, Andy Simmonett
                          and Daniel G. A. Smith
                              RHF Reference
                        1 Threads,    500 MiB Core
         ---------------------------------------------------------

  ==> Geometry <==

    Molecular point group: c2v
    Full point group: C_inf_v

    Geometry (in Angstrom), charge = 0, multiplicity = 1:

       Center              X                  Y                   Z               Mass       
    ------------   -----------------  -----------------  -----------------  -----------------
         LI           0.000000000000     0.000000000000    -0.188406015186     7.016003436600
         H            0.000000000000     0.000000000000     1.311593984814     1.007825032230

  Running in c2v symmetry.

  Rotational constants: A = ************  B =      8.50199  C =      8.50199 [cm^-1]
  Rotational constants: A = ************  B = 254883.30092  C = 254883.30092 [MHz]
  Nuclear repulsion =    1.058354421340000

  Charge       = 0
  Multiplicity = 1
  Electrons    = 4
  Nalpha       = 2
  Nbeta        = 2

  ==> Algorithm <==

  SCF Algorithm Type is PK.
  DIIS enabled.
  MOM disabled.
  Fractional occupation disabled.
  Guess Type is AUTO.
  Energy threshold   = 1.00e-06
  Density threshold  = 1.00e-06
  Integral threshold = 0.00e+00

  ==> Primary Basis <==

  Basis Set: STO-3G
    Blend: STO-3G
    Number of shells: 4
    Number of basis function: 6
    Number of Cartesian functions: 6
    Spherical Harmonics?: true
    Max angular momentum: 1

