 MINTS: Wrapper to libmints.
   by Justin Turney

   Calculation information:
      Number of threads:                 1
      Number of atoms:                   2
      Number of AO shells:               4
      Number of SO shells:               4
      Number of primitives:             12
      Number of atomic orbitals:         6
      Number of basis functions:         6

      Number of irreps:                  4
      Integral cutoff                 1.00e-12
      Number of functions per irrep: [   4    0    1    1 ]

 OEINTS: Overlap, kinetic, potential, dipole, and quadrupole integrals
         stored in file 35.

      Computing two-electron integrals...done
      Computed 83 non-zero two-electron integrals.
        Stored in file 33.


*** tstart() called on Ritabans-MacBook-Pro.local
*** at Thu Jul 22 08:43:24 2021


	Wfn Parameters:
	--------------------
	Wavefunction         = CCSD
	Number of irreps     = 4
	Number of MOs        = 6
	Number of active MOs = 6
	AO-Basis             = NONE
	Semicanonical        = false
	Reference            = RHF
	Print Level          = 1

	IRREP	# MOs	# FZDC	# DOCC	# SOCC	# VIRT	# FZVR
	-----	-----	------	------	------	------	------
	 A1	   4	    0	    2	    0	    2	    0
	 A2	   0	    0	    0	    0	    0	    0
	 B1	   1	    0	    0	    0	    1	    0
	 B2	   1	    0	    0	    0	    1	    0
	Transforming integrals...
	IWL integrals will be deleted.
	(OO|OO)...
	Presorting SO-basis two-electron integrals.
	Sorting File: SO Ints (nn|nn) nbuckets = 1
	Transforming the one-electron integrals and constructing Fock matrices
	Starting first half-transformation.
	Sorting half-transformed integrals.
	First half integral transformation complete.
	Starting second half-transformation.
	Two-electron integral transformation complete.
	(OO|OV)...
	Starting second half-transformation.
	Two-electron integral transformation complete.
	(OO|VV)...
	Starting second half-transformation.
	Two-electron integral transformation complete.
	(OV|OO)...
	Starting first half-transformation.
	Sorting half-transformed integrals.
	First half integral transformation complete.
	Starting second half-transformation.
	Two-electron integral transformation complete.
	(OV|OV)...
	Starting second half-transformation.
	Two-electron integral transformation complete.
	(OV|VV)...
	Starting second half-transformation.
	Two-electron integral transformation complete.
	(VV|OO)...
	Starting first half-transformation.
	Sorting half-transformed integrals.
	First half integral transformation complete.
	Starting second half-transformation.
	Two-electron integral transformation complete.
	(VV|OV)...
	Starting second half-transformation.
	Two-electron integral transformation complete.
	(VV|VV)...
	Starting second half-transformation.
	Two-electron integral transformation complete.
	Frozen core energy     =      0.00000000000000

	Size of irrep 0 of <ab|cd> integrals:      0.000 (MW) /      0.000 (MB)
	Size of irrep 1 of <ab|cd> integrals:      0.000 (MW) /      0.000 (MB)
	Size of irrep 2 of <ab|cd> integrals:      0.000 (MW) /      0.000 (MB)
	Size of irrep 3 of <ab|cd> integrals:      0.000 (MW) /      0.000 (MB)
	Total:                                     0.000 (MW) /      0.001 (MB)

	Size of irrep 0 of <ia|bc> integrals:      0.000 (MW) /      0.000 (MB)
	Size of irrep 1 of <ia|bc> integrals:      0.000 (MW) /      0.000 (MB)
	Size of irrep 2 of <ia|bc> integrals:      0.000 (MW) /      0.000 (MB)
	Size of irrep 3 of <ia|bc> integrals:      0.000 (MW) /      0.000 (MB)
	Total:                                     0.000 (MW) /      0.000 (MB)

	Size of irrep 0 of tijab amplitudes:       0.000 (MW) /      0.000 (MB)
	Size of irrep 1 of tijab amplitudes:       0.000 (MW) /      0.000 (MB)
	Size of irrep 2 of tijab amplitudes:       0.000 (MW) /      0.000 (MB)
	Size of irrep 3 of tijab amplitudes:       0.000 (MW) /      0.000 (MB)
	Total:                                     0.000 (MW) /      0.000 (MB)

	Nuclear Rep. energy          =      0.36797090808057
	SCF energy                   =     -7.60853553251002
	One-electron energy          =    -10.94735591881109
	Two-electron energy          =      2.97101189097331
	Reference energy             =     -7.60837311975721

*** tstop() called on Ritabans-MacBook-Pro.local at Thu Jul 22 08:43:24 2021
Module time:
	user time   =       0.00 seconds =       0.00 minutes
	system time =       0.04 seconds =       0.00 minutes
	total time  =          0 seconds =       0.00 minutes
Total time:
	user time   =      96.76 seconds =       1.61 minutes
	system time =      11.88 seconds =       0.20 minutes
	total time  =        146 seconds =       2.43 minutes
            **************************
            *                        *
            *        CCENERGY        *
            *                        *
            **************************

    Nuclear Rep. energy (wfn)     =    0.367970908080570
    SCF energy          (wfn)     =   -7.608535532510023
    Reference energy    (file100) =   -7.608373119757212

    Input parameters:
    -----------------
    Wave function   =     CCSD
    Reference wfn   =     RHF
    Brueckner       =     No
    Memory (Mbytes) =     524.3
    Maxiter         =     50
    R_Convergence   =     1.0e-07
    E_Convergence   =     1.0e-06
    Restart         =     Yes
    DIIS            =     Yes
    AO Basis        =     NONE
    ABCD            =     NEW
    Cache Level     =     2
    Cache Type      =     LOW
    Print Level     =     1
    Num. of threads =     1
    # Amps to Print =     10
    Print MP2 Amps? =     No
    Analyze T2 Amps =     No
    Print Pair Ener =     No
    Local CC        =     No
    SCS-MP2         =     False
    SCSN-MP2        =     False
    SCS-CCSD        =     False

MP2 correlation energy -0.1280346695159236
                Solving CC Amplitude Equations
                ------------------------------
  Iter             Energy              RMS        T1Diag      D1Diag    New D1Diag    D2Diag
  ----     ---------------------    ---------   ----------  ----------  ----------   --------
     0        -0.128034669515924    0.000e+00    0.000000    0.000000    0.000000    0.637790
     1        -0.162161517100807    3.316e-01    0.109599    0.219197    0.219197    0.859062
     2        -0.175616093988131    3.321e-01    0.036653    0.073295    0.073295    0.891646
     3        -0.172729901569747    1.269e-01    0.059808    0.119608    0.119608    0.886951
     4        -0.175357806816556    2.457e-02    0.068192    0.136373    0.136373    0.905750
     5        -0.174991466027913    1.355e-02    0.080286    0.160558    0.160558    0.914347
     6        -0.174767352875976    3.402e-03    0.080099    0.160185    0.160185    0.912712
     7        -0.174766912923227    7.686e-04    0.080174    0.160336    0.160336    0.912631
     8        -0.174787685384332    3.050e-04    0.080200    0.160387    0.160387    0.912787
     9        -0.174795770349497    9.625e-05    0.080194    0.160375    0.160375    0.912835
    10        -0.174794621357549    1.031e-05    0.080193    0.160374    0.160374    0.912828
    11        -0.174794676954351    1.638e-06    0.080194    0.160375    0.160375    0.912829
    12        -0.174794677711875    1.646e-08    0.080194    0.160375    0.160375    0.912829

    Iterations converged.


    Largest TIA Amplitudes:
              1   0         0.1299465198
              1   1        -0.0939896877
              0   1        -0.0014983147
              0   0        -0.0013712716

    Largest TIjAb Amplitudes:
      1   1   0   0        -0.8786808980
      1   1   0   1        -0.1728127775
      1   1   1   0        -0.1728127775
      1   1   1   1        -0.0370159087
      0   1   2   2         0.0042424151
      0   1   3   3         0.0042424151
      1   0   2   2         0.0042424151
      1   0   3   3         0.0042424151
      0   1   1   1         0.0041685818
      1   0   1   1         0.0041685818

    SCF energy       (wfn)                    =   -7.608535532510023
    Reference energy (file100)                =   -7.608373119757212

    Opposite-spin MP2 correlation energy      =   -0.128034320313554
    Same-spin MP2 correlation energy          =   -0.000000349202370
    MP2 correlation energy                    =   -0.128034669515924
      * MP2 total energy                      =   -7.736407789273136

    Opposite-spin CCSD correlation energy     =   -0.174795888384182
    Same-spin CCSD correlation energy         =    0.000001210672307
    CCSD correlation energy                   =   -0.174794677711875
      * CCSD total energy                     =   -7.783167797469086

