
*** tstart() called on Edens-MacBook-Air.local
*** at Tue Jul 20 21:10:48 2021

   => Loading Basis Set <=

    Name: STO-3G
    Role: ORBITAL
    Keyword: BASIS
    atoms 1   entry O          line    81 file /Users/Eden/opt/anaconda3/envs/quantum-computing/share/psi4/basis/sto-3g.gbs 
    atoms 2-3 entry H          line    19 file /Users/Eden/opt/anaconda3/envs/quantum-computing/share/psi4/basis/sto-3g.gbs 


         ---------------------------------------------------------
                                   SCF
               by Justin Turney, Rob Parrish, Andy Simmonett
                          and Daniel G. A. Smith
                              RHF Reference
                        1 Threads,    500 MiB Core
         ---------------------------------------------------------

  ==> Geometry <==

    Molecular point group: c2v
    Full point group: C2v

    Geometry (in Angstrom), charge = 0, multiplicity = 1:

       Center              X                  Y                   Z               Mass       
    ------------   -----------------  -----------------  -----------------  -----------------
         O            0.000000000000     0.000000000000    -0.178464212902    15.994914619570
         H           -2.178802671600    -0.000000000000     1.416178283298     1.007825032230
         H            2.178802671600     0.000000000000     1.416178283298     1.007825032230

  Running in c2v symmetry.

  Rotational constants: A =      3.70340  B =      1.76176  C =      1.19383 [cm^-1]
  Rotational constants: A = 111025.00430  B =  52816.09210  C =  35790.20759 [MHz]
  Nuclear repulsion =    3.257288423331460

  Charge       = 0
  Multiplicity = 1
  Electrons    = 10
  Nalpha       = 5
  Nbeta        = 5

  ==> Algorithm <==

  SCF Algorithm Type is DF.
  DIIS enabled.
  MOM disabled.
  Fractional occupation disabled.
  Guess Type is SAD.
  Energy threshold   = 1.00e-06
  Density threshold  = 1.00e-06
  Integral threshold = 0.00e+00

  ==> Primary Basis <==

  Basis Set: STO-3G
    Blend: STO-3G
    Number of shells: 5
    Number of basis function: 7
    Number of Cartesian functions: 7
    Spherical Harmonics?: true
    Max angular momentum: 1

   => Loading Basis Set <=

    Name: (STO-3G AUX)
    Role: JKFIT
    Keyword: DF_BASIS_SCF
    atoms 1   entry O          line   323 file /Users/Eden/opt/anaconda3/envs/quantum-computing/share/psi4/basis/def2-svp-jkfit.gbs 
    atoms 2-3 entry H          line    23 file /Users/Eden/opt/anaconda3/envs/quantum-computing/share/psi4/basis/def2-svp-jkfit.gbs 

  ==> Pre-Iterations <==

   -------------------------------------------------------
    Irrep   Nso     Nmo     Nalpha   Nbeta   Ndocc  Nsocc
   -------------------------------------------------------
     A1         4       4       0       0       0       0
     A2         0       0       0       0       0       0
     B1         2       2       0       0       0       0
     B2         1       1       0       0       0       0
   -------------------------------------------------------
    Total       7       7       5       5       5       0
   -------------------------------------------------------

  ==> Integral Setup <==

  DFHelper Memory: AOs need 0.000 GiB; user supplied 0.366 GiB. Using in-core AOs.

  ==> MemDFJK: Density-Fitted J/K Matrices <==

    J tasked:                   Yes
    K tasked:                   Yes
    wK tasked:                   No
    OpenMP threads:               1
    Memory [MiB]:               375
    Algorithm:                 Core
    Schwarz Cutoff:           1E-12
    Mask sparsity (%):       0.0000
    Fitting Condition:        1E-10

   => Auxiliary Basis Set <=

  Basis Set: (STO-3G AUX)
    Blend: DEF2-SVP-JKFIT
    Number of shells: 37
    Number of basis function: 113
    Number of Cartesian functions: 133
    Spherical Harmonics?: true
    Max angular momentum: 4

  Minimum eigenvalue in the overlap matrix is 7.6232696877E-01.
  Using Symmetric Orthogonalization.

  SCF Guess: Superposition of Atomic Densities via on-the-fly atomic UHF.

  ==> Iterations <==

                           Total Energy        Delta E     RMS |[F,P]|

   @DF-RHF iter SAD:   -73.36446409727769   -7.33645e+01   0.00000e+00 
   @DF-RHF iter   1:   -73.07818078119217    2.86283e-01   7.23921e-02 DIIS
   @DF-RHF iter   2:   -72.96505632383510    1.13124e-01   3.81379e-02 DIIS
    Occupation by irrep:
             A1    A2    B1    B2 
    DOCC [     3,    0,    2,    0 ]

   @DF-RHF iter   3:   -73.03767739892598   -7.26211e-02   5.82368e-02 DIIS
    Occupation by irrep:
             A1    A2    B1    B2 
    DOCC [     3,    0,    1,    1 ]

   @DF-RHF iter   4:   -72.92648192388116    1.11195e-01   2.26759e-02 DIIS
    Occupation by irrep:
             A1    A2    B1    B2 
    DOCC [     4,    0,    1,    0 ]

   @DF-RHF iter   5:   -72.94648018408103   -1.99983e-02   2.56828e-02 DIIS
    Occupation by irrep:
             A1    A2    B1    B2 
    DOCC [     3,    0,    1,    1 ]

   @DF-RHF iter   6:   -72.94114343771118    5.33675e-03   8.66859e-04 DIIS
   @DF-RHF iter   7:   -72.97539489893401   -3.42515e-02   1.60268e-02 DIIS
   @DF-RHF iter   8:   -72.97540768261274   -1.27837e-05   1.60482e-02 DIIS
   @DF-RHF iter   9:   -72.97540768153476    1.07798e-09   1.60482e-02 DIIS
   @DF-RHF iter  10:   -72.97540768117629    3.58469e-10   1.60482e-02 DIIS
   @DF-RHF iter  11:   -72.97540768099728    1.79014e-10   1.60482e-02 DIIS
   @DF-RHF iter  12:   -72.97540833424195   -6.53245e-07   1.60492e-02 DIIS
   @DF-RHF iter  13:   -72.97540133391672    7.00033e-06   1.60375e-02 DIIS
   @DF-RHF iter  14:   -72.97537857031635    2.27636e-05   1.59996e-02 DIIS
   @DF-RHF iter  15:   -72.97566330945983   -2.84739e-04   1.64673e-02 DIIS
   @DF-RHF iter  16:   -72.97567019990305   -6.89044e-06   1.64782e-02 DIIS
   @DF-RHF iter  17:   -72.97566964413852    5.55765e-07   1.64774e-02 DIIS
   @DF-RHF iter  18:   -72.97566968797352   -4.38350e-08   1.64774e-02 DIIS
   @DF-RHF iter  19:   -72.97566968450508    3.46844e-09   1.64774e-02 DIIS
   @DF-RHF iter  20:   -72.97566968477938   -2.74298e-10   1.64774e-02 DIIS
   @DF-RHF iter  21:   -72.97566968475770    2.16716e-11   1.64774e-02 DIIS
   @DF-RHF iter  22:   -72.97566968475947   -1.76215e-12   1.64774e-02 DIIS
   @DF-RHF iter  23:   -72.97566968475932    1.42109e-13   1.64774e-02 DIIS
   @DF-RHF iter  24:   -72.97566968475932    0.00000e+00   1.64774e-02 DIIS
   @DF-RHF iter  25:   -72.97566968475930    2.84217e-14   1.64774e-02 DIIS
   @DF-RHF iter  26:   -72.97566968475934   -4.26326e-14   1.64774e-02 DIIS
   @DF-RHF iter  27:   -72.97566968475927    7.10543e-14   1.64774e-02 DIIS
   @DF-RHF iter  28:   -72.97566968475934   -7.10543e-14   1.64774e-02 DIIS
   @DF-RHF iter  29:   -72.97566968475937   -2.84217e-14   1.64774e-02 DIIS
   @DF-RHF iter  30:   -72.97566968475935    1.42109e-14   1.64774e-02 DIIS
   @DF-RHF iter  31:   -72.97566968475932    2.84217e-14   1.64774e-02 DIIS
   @DF-RHF iter  32:   -72.97566968475930    2.84217e-14   1.64774e-02 DIIS
   @DF-RHF iter  33:   -72.97566968475931   -1.42109e-14   1.64774e-02 DIIS
   @DF-RHF iter  34:   -72.97566968475932   -1.42109e-14   1.64774e-02 DIIS
   @DF-RHF iter  35:   -72.97566968475930    2.84217e-14   1.64774e-02 DIIS
   @DF-RHF iter  36:   -72.97566968475931   -1.42109e-14   1.64774e-02 DIIS
   @DF-RHF iter  37:   -72.97566968475931    0.00000e+00   1.64774e-02 DIIS
   @DF-RHF iter  38:   -72.97566968475931    0.00000e+00   1.64774e-02 DIIS
   @DF-RHF iter  39:   -72.97566968475928    2.84217e-14   1.64774e-02 DIIS
   @DF-RHF iter  40:   -72.97566968475932   -4.26326e-14   1.64774e-02 DIIS
   @DF-RHF iter  41:   -72.97566968475932    0.00000e+00   1.64774e-02 DIIS
   @DF-RHF iter  42:   -72.97566968475931    1.42109e-14   1.64774e-02 DIIS
   @DF-RHF iter  43:   -72.97566968475928    2.84217e-14   1.64774e-02 DIIS
   @DF-RHF iter  44:   -72.97566968475931   -2.84217e-14   1.64774e-02 DIIS
   @DF-RHF iter  45:   -72.97566968475935   -4.26326e-14   1.64774e-02 DIIS
   @DF-RHF iter  46:   -72.97566968475930    5.68434e-14   1.64774e-02 DIIS
   @DF-RHF iter  47:   -72.97566968475931   -1.42109e-14   1.64774e-02 DIIS
   @DF-RHF iter  48:   -72.97566968475930    1.42109e-14   1.64774e-02 DIIS
   @DF-RHF iter  49:   -72.97566968475932   -2.84217e-14   1.64774e-02 DIIS
   @DF-RHF iter  50:   -72.97566968475931    1.42109e-14   1.64774e-02 DIIS
   @DF-RHF iter  51:   -72.97566968475931    0.00000e+00   1.64774e-02 DIIS
   @DF-RHF iter  52:   -72.97566968475931    0.00000e+00   1.64774e-02 DIIS
   @DF-RHF iter  53:   -72.97566968475930    1.42109e-14   1.64774e-02 DIIS
   @DF-RHF iter  54:   -72.97566968475928    1.42109e-14   1.64774e-02 DIIS
   @DF-RHF iter  55:   -72.97566968475928    0.00000e+00   1.64774e-02 DIIS
   @DF-RHF iter  56:   -72.97566968475932   -4.26326e-14   1.64774e-02 DIIS
   @DF-RHF iter  57:   -72.97566968475932    0.00000e+00   1.64774e-02 DIIS
   @DF-RHF iter  58:   -72.97566968475931    1.42109e-14   1.64774e-02 DIIS
   @DF-RHF iter  59:   -72.97566968475931    0.00000e+00   1.64774e-02 DIIS
   @DF-RHF iter  60:   -72.97566968475932   -1.42109e-14   1.64774e-02 DIIS
   @DF-RHF iter  61:   -72.97566968475932    0.00000e+00   1.64774e-02 DIIS
   @DF-RHF iter  62:   -72.97566968475931    1.42109e-14   1.64774e-02 DIIS
   @DF-RHF iter  63:   -72.97566968475931    0.00000e+00   1.64774e-02 DIIS
   @DF-RHF iter  64:   -72.97566968475932   -1.42109e-14   1.64774e-02 DIIS
   @DF-RHF iter  65:   -72.97566968475934   -1.42109e-14   1.64774e-02 DIIS
   @DF-RHF iter  66:   -72.97566968475931    2.84217e-14   1.64774e-02 DIIS
   @DF-RHF iter  67:   -72.97566968475934   -2.84217e-14   1.64774e-02 DIIS
   @DF-RHF iter  68:   -72.97566968475935   -1.42109e-14   1.64774e-02 DIIS
   @DF-RHF iter  69:   -72.97566968475934    1.42109e-14   1.64774e-02 DIIS
   @DF-RHF iter  70:   -72.97566968475934    0.00000e+00   1.64774e-02 DIIS
   @DF-RHF iter  71:   -72.97566968475931    2.84217e-14   1.64774e-02 DIIS
   @DF-RHF iter  72:   -72.97566968475931    0.00000e+00   1.64774e-02 DIIS
   @DF-RHF iter  73:   -72.97566968475930    1.42109e-14   1.64774e-02 DIIS
   @DF-RHF iter  74:   -72.97566968475932   -2.84217e-14   1.64774e-02 DIIS
   @DF-RHF iter  75:   -72.97566968475931    1.42109e-14   1.64774e-02 DIIS
   @DF-RHF iter  76:   -72.97566968475935   -4.26326e-14   1.64774e-02 DIIS
   @DF-RHF iter  77:   -72.97566968475935    0.00000e+00   1.64774e-02 DIIS
   @DF-RHF iter  78:   -72.97566968475934    1.42109e-14   1.64774e-02 DIIS
   @DF-RHF iter  79:   -72.97566968475931    2.84217e-14   1.64774e-02 DIIS
   @DF-RHF iter  80:   -72.97566968475931    0.00000e+00   1.64774e-02 DIIS
   @DF-RHF iter  81:   -72.97566968475931    0.00000e+00   1.64774e-02 DIIS
   @DF-RHF iter  82:   -72.97566968475928    2.84217e-14   1.64774e-02 DIIS
   @DF-RHF iter  83:   -72.97566968475935   -7.10543e-14   1.64774e-02 DIIS
   @DF-RHF iter  84:   -72.97566968475928    7.10543e-14   1.64774e-02 DIIS
   @DF-RHF iter  85:   -72.97566968475931   -2.84217e-14   1.64774e-02 DIIS
   @DF-RHF iter  86:   -72.97566968475932   -1.42109e-14   1.64774e-02 DIIS
   @DF-RHF iter  87:   -72.97566968475934   -1.42109e-14   1.64774e-02 DIIS
   @DF-RHF iter  88:   -72.97566968475934    0.00000e+00   1.64774e-02 DIIS
   @DF-RHF iter  89:   -72.97566968475930    4.26326e-14   1.64774e-02 DIIS
   @DF-RHF iter  90:   -72.97566968475931   -1.42109e-14   1.64774e-02 DIIS
   @DF-RHF iter  91:   -72.97566968475930    1.42109e-14   1.64774e-02 DIIS
   @DF-RHF iter  92:   -72.97566968475928    1.42109e-14   1.64774e-02 DIIS
   @DF-RHF iter  93:   -72.97566968475931   -2.84217e-14   1.64774e-02 DIIS
   @DF-RHF iter  94:   -72.97566968475934   -2.84217e-14   1.64774e-02 DIIS
   @DF-RHF iter  95:   -72.97566968475932    1.42109e-14   1.64774e-02 DIIS
   @DF-RHF iter  96:   -72.97566968475931    1.42109e-14   1.64774e-02 DIIS
   @DF-RHF iter  97:   -72.97566968475925    5.68434e-14   1.64774e-02 DIIS
   @DF-RHF iter  98:   -72.97566968475931   -5.68434e-14   1.64774e-02 DIIS
   @DF-RHF iter  99:   -72.97566968475931    0.00000e+00   1.64774e-02 DIIS
   @DF-RHF iter 100:   -72.97566968475935   -4.26326e-14   1.64774e-02 DIIS

PsiException: Could not converge SCF iterations in 100 iterations.

  Failed to converge.
