
*** tstart() called on Edens-MacBook-Air.local
*** at Wed Jul 21 03:47:01 2021

   => Loading Basis Set <=

    Name: CC-PVDZ
    Role: ORBITAL
    Keyword: BASIS
    atoms 1-2 entry H          line    22 file /Users/Eden/opt/anaconda3/envs/quantum-computing/share/psi4/basis/cc-pvdz.gbs 


         ---------------------------------------------------------
                                   SCF
               by Justin Turney, Rob Parrish, Andy Simmonett
                          and Daniel G. A. Smith
                              RHF Reference
                        1 Threads,    500 MiB Core
         ---------------------------------------------------------

  ==> Geometry <==

    Molecular point group: d2h
    Full point group: D_inf_h

    Geometry (in Angstrom), charge = 0, multiplicity = 1:

       Center              X                  Y                   Z               Mass       
    ------------   -----------------  -----------------  -----------------  -----------------
         H            0.000000000000     0.000000000000    -1.550000000000     1.007825032230
         H            0.000000000000     0.000000000000     1.550000000000     1.007825032230

  Running in d2h symmetry.

  Rotational constants: A = ************  B =      3.48111  C =      3.48111 [cm^-1]
  Rotational constants: A = ************  B = 104361.10437  C = 104361.10437 [MHz]
  Nuclear repulsion =    0.170702326022581

  Charge       = 0
  Multiplicity = 1
  Electrons    = 2
  Nalpha       = 1
  Nbeta        = 1

  ==> Algorithm <==

  SCF Algorithm Type is DF.
  DIIS enabled.
  MOM disabled.
  Fractional occupation disabled.
  Guess Type is SAD.
  Energy threshold   = 1.00e-06
  Density threshold  = 1.00e-06
  Integral threshold = 0.00e+00

  ==> Primary Basis <==

  Basis Set: CC-PVDZ
    Blend: CC-PVDZ
    Number of shells: 6
    Number of basis function: 10
    Number of Cartesian functions: 10
    Spherical Harmonics?: true
    Max angular momentum: 1

   => Loading Basis Set <=

    Name: (CC-PVDZ AUX)
    Role: JKFIT
    Keyword: DF_BASIS_SCF
    atoms 1-2 entry H          line    51 file /Users/Eden/opt/anaconda3/envs/quantum-computing/share/psi4/basis/cc-pvdz-jkfit.gbs 

  ==> Pre-Iterations <==

   -------------------------------------------------------
    Irrep   Nso     Nmo     Nalpha   Nbeta   Ndocc  Nsocc
   -------------------------------------------------------
     Ag         3       3       0       0       0       0
     B1g        0       0       0       0       0       0
     B2g        1       1       0       0       0       0
     B3g        1       1       0       0       0       0
     Au         0       0       0       0       0       0
     B1u        3       3       0       0       0       0
     B2u        1       1       0       0       0       0
     B3u        1       1       0       0       0       0
   -------------------------------------------------------
    Total      10      10       1       1       1       0
   -------------------------------------------------------

  ==> Integral Setup <==

  DFHelper Memory: AOs need 0.000 GiB; user supplied 0.366 GiB. Using in-core AOs.

  ==> MemDFJK: Density-Fitted J/K Matrices <==

    J tasked:                   Yes
    K tasked:                   Yes
    wK tasked:                   No
    OpenMP threads:               1
    Memory [MiB]:               375
    Algorithm:                 Core
    Schwarz Cutoff:           1E-12
    Mask sparsity (%):       0.0000
    Fitting Condition:        1E-10

   => Auxiliary Basis Set <=

  Basis Set: (CC-PVDZ AUX)
    Blend: CC-PVDZ-JKFIT
    Number of shells: 18
    Number of basis function: 46
    Number of Cartesian functions: 50
    Spherical Harmonics?: true
    Max angular momentum: 2

  Minimum eigenvalue in the overlap matrix is 2.7429791709E-01.
  Using Symmetric Orthogonalization.

  SCF Guess: Superposition of Atomic Densities via on-the-fly atomic UHF.

  ==> Iterations <==

                           Total Energy        Delta E     RMS |[F,P]|

   @DF-RHF iter SAD:    -0.70835886260826   -7.08359e-01   0.00000e+00 
   @DF-RHF iter   1:    -0.82026478182557   -1.11906e-01   2.29531e-03 DIIS
   @DF-RHF iter   2:    -0.82033768445702   -7.29026e-05   2.75645e-04 DIIS
   @DF-RHF iter   3:    -0.82033875097607   -1.06652e-06   1.65319e-07 DIIS
   @DF-RHF iter   4:    -0.82033875097686   -7.87148e-13   1.00623e-08 DIIS
  Energy and wave function converged.


  ==> Post-Iterations <==

    Orbital Energies [Eh]
    ---------------------

    Doubly Occupied:                                                      

       1Ag    -0.319009  

    Virtual:                                                              

       1B1u   -0.120423     2Ag     0.592115     2B1u    0.678238  
       1B2u    1.461556     1B3u    1.461556     3Ag     1.463678  
       1B3g    1.463752     1B2g    1.463752     3B1u    1.472107  

    Final Occupation by Irrep:
             Ag   B1g   B2g   B3g    Au   B1u   B2u   B3u 
    DOCC [     1,    0,    0,    0,    0,    0,    0,    0 ]

  @DF-RHF Final Energy:    -0.82033875097686

   => Energetics <=

    Nuclear Repulsion Energy =              0.1707023260225806
    One-Electron Energy =                  -1.3440649292991154
    Two-Electron Energy =                   0.3530238522996789
    Total Energy =                         -0.8203387509768558

Computation Completed


Properties will be evaluated at   0.000000,   0.000000,   0.000000 [a0]

Properties computed using the SCF density matrix

  Nuclear Dipole Moment: [e a0]
     X:     0.0000      Y:     0.0000      Z:     0.0000

  Electronic Dipole Moment: [e a0]
     X:     0.0000      Y:     0.0000      Z:     0.0000

  Dipole Moment: [e a0]
     X:     0.0000      Y:     0.0000      Z:     0.0000     Total:     0.0000

  Dipole Moment: [D]
     X:     0.0000      Y:     0.0000      Z:     0.0000     Total:     0.0000


*** tstop() called on Edens-MacBook-Air.local at Wed Jul 21 03:47:01 2021
Module time:
	user time   =       0.32 seconds =       0.01 minutes
	system time =       0.02 seconds =       0.00 minutes
	total time  =          0 seconds =       0.00 minutes
Total time:
	user time   =      12.85 seconds =       0.21 minutes
	system time =       1.50 seconds =       0.03 minutes
	total time  =        612 seconds =      10.20 minutes
