
*** tstart() called on Edens-MacBook-Air.local
*** at Tue Jul 20 21:44:57 2021

   => Loading Basis Set <=

    Name: STO-3G
    Role: ORBITAL
    Keyword: BASIS
    atoms 1-2 entry N          line    71 file /Users/Eden/opt/anaconda3/envs/quantum-computing/share/psi4/basis/sto-3g.gbs 


         ---------------------------------------------------------
                                   SCF
               by Justin Turney, Rob Parrish, Andy Simmonett
                          and Daniel G. A. Smith
                              RHF Reference
                        1 Threads,    500 MiB Core
         ---------------------------------------------------------

  ==> Geometry <==

    Molecular point group: d2h
    Full point group: D_inf_h

    Geometry (in Angstrom), charge = 0, multiplicity = 1:

       Center              X                  Y                   Z               Mass       
    ------------   -----------------  -----------------  -----------------  -----------------
         N            0.000000000000     0.000000000000    -0.985714495700    14.003074004430
         N            0.000000000000     0.000000000000     0.985714495700    14.003074004430

  Running in d2h symmetry.

  Rotational constants: A = ************  B =      0.61950  C =      0.61950 [cm^-1]
  Rotational constants: A = ************  B =  18572.12223  C =  18572.12223 [MHz]
  Nuclear repulsion =   13.152735115463717

  Charge       = 0
  Multiplicity = 1
  Electrons    = 14
  Nalpha       = 7
  Nbeta        = 7

  ==> Algorithm <==

  SCF Algorithm Type is DF.
  DIIS enabled.
  MOM disabled.
  Fractional occupation disabled.
  Guess Type is SAD.
  Energy threshold   = 1.00e-06
  Density threshold  = 1.00e-06
  Integral threshold = 0.00e+00

  ==> Primary Basis <==

  Basis Set: STO-3G
    Blend: STO-3G
    Number of shells: 6
    Number of basis function: 10
    Number of Cartesian functions: 10
    Spherical Harmonics?: true
    Max angular momentum: 1

   => Loading Basis Set <=

    Name: (STO-3G AUX)
    Role: JKFIT
    Keyword: DF_BASIS_SCF
    atoms 1-2 entry N          line   263 file /Users/Eden/opt/anaconda3/envs/quantum-computing/share/psi4/basis/def2-svp-jkfit.gbs 

