 MINTS: Wrapper to libmints.
   by Justin Turney

   Calculation information:
      Number of threads:                 1
      Number of atoms:                   4
      Number of AO shells:               4
      Number of SO shells:               1
      Number of primitives:             12
      Number of atomic orbitals:         4
      Number of basis functions:         4

      Number of irreps:                  8
      Integral cutoff                 1.00e-12
      Number of functions per irrep: [   1    0    0    1    0    1    1    0 ]

 OEINTS: Overlap, kinetic, potential, dipole, and quadrupole integrals
         stored in file 35.

      Computing two-electron integrals...done
      Computed 19 non-zero two-electron integrals.
        Stored in file 33.


         ---------------------------------------------------------
                          Configuration Interaction
                            (a 'D E T C I' module)

                 C. David Sherrill, Daniel G. A. Smith, and
                              Matt L. Leininger
         ---------------------------------------------------------


   ==> Parameters <==

    EX LEVEL       =        4      H0 BLOCKSIZE  =     1000
    VAL EX LEVEL   =        0      H0 GUESS SIZE =     1000
    H0COUPLINGSIZE =        0      H0 COUPLING   =       NO
    MAXITER        =       24      NUM PRINT     =       20
    NUM ROOTS      =        1      ICORE         =        1
    PRINT LVL      =        1      FCI           =      YES
    R CONV         = 1.00e-04      MIXED         =      YES
    E CONV         = 1.00e-06      MIXED4        =      YES
    R4S            =       NO      REPL OTF      =       NO
    DIAG METHOD    =      SEM      FOLLOW ROOT   =        0
    PRECONDITIONER = DAVIDSON      UPDATE        = DAVIDSON
    S              =   0.0000      Ms0           =      YES
    GUESS VECTOR   =  H0BLOCK      OPENTYPE      =     NONE
    COLLAPSE SIZE  =        1      HD AVG        = EVANGELISTI
    MAX NUM VECS   =       25      REF SYM       =     AUTO
    IOPEN        =       NO

    EX ALLOW       =  1  1  1  1 
    STATE AVERAGE  =  0(1.00) 

   ==> CI Orbital and Space information <==

   ------------------------------------------------------------------------------
               Space    Total    Ag   B1g   B2g   B3g    Au   B1u   B2u   B3u
   ------------------------------------------------------------------------------
                 Nso        4     1     0     0     1     0     1     1     0
                 Nmo        4     1     0     0     1     0     1     1     0
               Ndocc        2     1     0     0     0     0     0     1     0
               Nsocc        0     0     0     0     0     0     0     0     0
   ------------------------------------------------------------------------------
                                   CI Spaces
   ------------------------------------------------------------------------------
        Dropped DOCC        0     0     0     0     0     0     0     0     0
              Active        4     1     0     0     1     0     1     1     0
        Dropped UOCC        0     0     0     0     0     0     0     0     0
   ------------------------------------------------------------------------------

   ==> Setting up CI strings <==

    There are 6 alpha and 6 beta strings
    The CI space requires 12 (1.20E+01) determinants and 3 blocks

   ==> Transforming CI integrals <==

	Presorting SO-basis two-electron integrals.
	Sorting File: SO Ints (nn|nn) nbuckets = 1
	Transforming the one-electron integrals and constructing Fock matrices
	Starting first half-transformation.
	Sorting half-transformed integrals.
	First half integral transformation complete.
	Starting second half-transformation.
	Two-electron integral transformation complete.

   ==> Starting CI iterations <==

    H0 Block Eigenvalue =  -1.88161381

    Simultaneous Expansion Method (Block Davidson Method)
    Using 1 initial trial vectors

     Iter   Root       Total Energy       Delta E      C RMS

   @CI  0:     0     -1.881613808143   -3.1550E+00   2.9669E-15  
    Warning: Norm of correction (root 0) is < 1.0E-13
   @CI  1:     0     -1.881613808143   -4.4409E-16   6.0923E-15 c

   ==> Energetics <==

    SCF energy =           -1.464736681256720
    Total CI energy =      -1.881613808142722

   ==> FCI root 0 information <==

    FCI Root 0 energy =    -1.881613808142722

   The 12 most important determinants:

    *   1    0.543479  (    4,    4)  1AgX 1B2uX 
    *   2   -0.543479  (    3,    3)  1AgX 1B1uX 
    *   3    0.305079  (    5,    5)  1B3gX 1B1uX 
    *   4   -0.305079  (    2,    2)  1B2uX 1B3gX 
    *   5    0.272712  (    0,    1)  1AgA 1B2uB 1B3gA 1B1uB 
    *   6    0.272712  (    1,    0)  1AgB 1B2uA 1B3gB 1B1uA 
    *   7    0.136356  (    2,    3)  1AgB 1B2uA 1B3gA 1B1uB 
    *   8    0.136356  (    3,    2)  1AgA 1B2uB 1B3gB 1B1uA 
    *   9    0.136356  (    4,    5)  1AgA 1B2uA 1B3gB 1B1uB 
    *  10    0.136356  (    5,    4)  1AgB 1B2uB 1B3gA 1B1uA 

		 "A good bug is a dead bug" 

			 - Starship Troopers

		 "I didn't write FORTRAN.  That's the problem."

			 - Edward Valeev
