 MINTS: Wrapper to libmints.
   by Justin Turney

   Calculation information:
      Number of threads:                 1
      Number of atoms:                   2
      Number of AO shells:               2
      Number of SO shells:               1
      Number of primitives:              6
      Number of atomic orbitals:         2
      Number of basis functions:         2

      Number of irreps:                  8
      Integral cutoff                 1.00e-12
      Number of functions per irrep: [   1    0    0    0    0    1    0    0 ]

 OEINTS: Overlap, kinetic, potential, dipole, and quadrupole integrals
         stored in file 35.

      Computing two-electron integrals...done
      Computed 4 non-zero two-electron integrals.
        Stored in file 33.


*** tstart() called on Edens-MacBook-Air.local
*** at Wed Jul 21 15:15:27 2021


	Wfn Parameters:
	--------------------
	Wavefunction         = CCSD
	Number of irreps     = 8
	Number of MOs        = 2
	Number of active MOs = 2
	AO-Basis             = NONE
	Semicanonical        = false
	Reference            = RHF
	Print Level          = 1

	IRREP	# MOs	# FZDC	# DOCC	# SOCC	# VIRT	# FZVR
	-----	-----	------	------	------	------	------
	 Ag	   1	    0	    1	    0	    0	    0
	 B1g	   0	    0	    0	    0	    0	    0
	 B2g	   0	    0	    0	    0	    0	    0
	 B3g	   0	    0	    0	    0	    0	    0
	 Au	   0	    0	    0	    0	    0	    0
	 B1u	   1	    0	    0	    0	    1	    0
	 B2u	   0	    0	    0	    0	    0	    0
	 B3u	   0	    0	    0	    0	    0	    0
	Transforming integrals...
	IWL integrals will be deleted.
	(OO|OO)...
	Presorting SO-basis two-electron integrals.
	Sorting File: SO Ints (nn|nn) nbuckets = 1
	Transforming the one-electron integrals and constructing Fock matrices
	Starting first half-transformation.
	Sorting half-transformed integrals.
	First half integral transformation complete.
	Starting second half-transformation.
	Two-electron integral transformation complete.
	(OO|OV)...
	Starting second half-transformation.
	Two-electron integral transformation complete.
	(OO|VV)...
	Starting second half-transformation.
	Two-electron integral transformation complete.
	(OV|OO)...
	Starting first half-transformation.
	Sorting half-transformed integrals.
	First half integral transformation complete.
	Starting second half-transformation.
	Two-electron integral transformation complete.
	(OV|OV)...
	Starting second half-transformation.
	Two-electron integral transformation complete.
	(OV|VV)...
	Starting second half-transformation.
	Two-electron integral transformation complete.
	(VV|OO)...
	Starting first half-transformation.
	Sorting half-transformed integrals.
	First half integral transformation complete.
	Starting second half-transformation.
	Two-electron integral transformation complete.
	(VV|OV)...
	Starting second half-transformation.
	Two-electron integral transformation complete.
	(VV|VV)...
	Starting second half-transformation.
	Two-electron integral transformation complete.
	Frozen core energy     =      0.00000000000000

	Size of irrep 0 of <ab|cd> integrals:      0.000 (MW) /      0.000 (MB)
	Size of irrep 1 of <ab|cd> integrals:      0.000 (MW) /      0.000 (MB)
	Size of irrep 2 of <ab|cd> integrals:      0.000 (MW) /      0.000 (MB)
	Size of irrep 3 of <ab|cd> integrals:      0.000 (MW) /      0.000 (MB)
	Size of irrep 4 of <ab|cd> integrals:      0.000 (MW) /      0.000 (MB)
	Size of irrep 5 of <ab|cd> integrals:      0.000 (MW) /      0.000 (MB)
	Size of irrep 6 of <ab|cd> integrals:      0.000 (MW) /      0.000 (MB)
	Size of irrep 7 of <ab|cd> integrals:      0.000 (MW) /      0.000 (MB)
	Total:                                     0.000 (MW) /      0.000 (MB)

	Size of irrep 0 of <ia|bc> integrals:      0.000 (MW) /      0.000 (MB)
	Size of irrep 1 of <ia|bc> integrals:      0.000 (MW) /      0.000 (MB)
	Size of irrep 2 of <ia|bc> integrals:      0.000 (MW) /      0.000 (MB)
	Size of irrep 3 of <ia|bc> integrals:      0.000 (MW) /      0.000 (MB)
	Size of irrep 4 of <ia|bc> integrals:      0.000 (MW) /      0.000 (MB)
	Size of irrep 5 of <ia|bc> integrals:      0.000 (MW) /      0.000 (MB)
	Size of irrep 6 of <ia|bc> integrals:      0.000 (MW) /      0.000 (MB)
	Size of irrep 7 of <ia|bc> integrals:      0.000 (MW) /      0.000 (MB)
	Total:                                     0.000 (MW) /      0.000 (MB)

	Size of irrep 0 of tijab amplitudes:       0.000 (MW) /      0.000 (MB)
	Size of irrep 1 of tijab amplitudes:       0.000 (MW) /      0.000 (MB)
	Size of irrep 2 of tijab amplitudes:       0.000 (MW) /      0.000 (MB)
	Size of irrep 3 of tijab amplitudes:       0.000 (MW) /      0.000 (MB)
	Size of irrep 4 of tijab amplitudes:       0.000 (MW) /      0.000 (MB)
	Size of irrep 5 of tijab amplitudes:       0.000 (MW) /      0.000 (MB)
	Size of irrep 6 of tijab amplitudes:       0.000 (MW) /      0.000 (MB)
	Size of irrep 7 of tijab amplitudes:       0.000 (MW) /      0.000 (MB)
	Total:                                     0.000 (MW) /      0.000 (MB)

	Nuclear Rep. energy          =      0.05291772106700
	SCF energy                   =     -0.57246676138591
	One-electron energy          =     -1.03899914124870
	Two-electron energy          =      0.41376183249344
	Reference energy             =     -0.57231958768826

*** tstop() called on Edens-MacBook-Air.local at Wed Jul 21 15:15:27 2021
Module time:
	user time   =       0.02 seconds =       0.00 minutes
	system time =       0.10 seconds =       0.00 minutes
	total time  =          0 seconds =       0.00 minutes
Total time:
	user time   =       4.10 seconds =       0.07 minutes
	system time =       0.43 seconds =       0.01 minutes
	total time  =        125 seconds =       2.08 minutes
            **************************
            *                        *
            *        CCENERGY        *
            *                        *
            **************************

    Nuclear Rep. energy (wfn)     =    0.052917721067000
    SCF energy          (wfn)     =   -0.572466761385909
    Reference energy    (file100) =   -0.572319587688256

    Input parameters:
    -----------------
    Wave function   =     CCSD
    Reference wfn   =     RHF
    Brueckner       =     No
    Memory (Mbytes) =     524.3
    Maxiter         =     50
    R_Convergence   =     1.0e-07
    E_Convergence   =     1.0e-06
    Restart         =     Yes
    DIIS            =     Yes
    AO Basis        =     NONE
    ABCD            =     NEW
    Cache Level     =     2
    Cache Type      =     LOW
    Print Level     =     1
    Num. of threads =     1
    # Amps to Print =     10
    Print MP2 Amps? =     No
    Analyze T2 Amps =     No
    Print Pair Ener =     No
    Local CC        =     No
    SCS-MP2         =     False
    SCSN-MP2        =     False
    SCS-CCSD        =     False

MP2 correlation energy -1.2302929528182074
                Solving CC Amplitude Equations
                ------------------------------
  Iter             Energy              RMS        T1Diag      D1Diag    New D1Diag    D2Diag
  ----     ---------------------    ---------   ----------  ----------  ----------   --------
     0        -1.230292952818207    0.000e+00    0.000000    0.000000    0.000000    3.409486
     1        11.841070103880883    3.622e+01    0.000000    0.000000    0.000000    32.814918
     2        -1.360670974908840    3.668e+03    0.000000    0.000000    0.000000    3.770800
     3        -1.407918170118152    4.507e+01    0.000000    0.000000    0.000000    3.901735
     4        -1.429755878767196    4.849e+01    0.000000    0.000000    0.000000    3.962254
     5        -1.441415456181850    5.012e+01    0.000000    0.000000    0.000000    3.994566
     6        -1.448299308947204    5.099e+01    0.000000    0.000000    0.000000    4.013643
     7        -1.452675254572035    5.152e+01    0.000000    0.000000    0.000000    4.025770
     8        -1.455618082590553    5.185e+01    0.000000    0.000000    0.000000    4.033925
     9        -1.592723140743964    5.207e+01    0.000000    0.000000    0.000000    4.413881
    10        -0.780284101385397    6.302e+01    0.000000    0.000000    0.000000    2.162386
    11        -0.567718704430925    1.253e+01    0.000000    0.000000    0.000000    1.573307
    12        -0.479656446348426    5.030e+00    0.000000    0.000000    0.000000    1.329262
    13        -0.434558834767512    2.615e+00    0.000000    0.000000    0.000000    1.204284
    14        -0.407385302743893    1.535e+00    0.000000    0.000000    0.000000    1.128979
    15        -0.389040038599869    9.362e-01    0.000000    0.000000    0.000000    1.078139
    16        -0.375918304066366    5.536e-01    0.000000    0.000000    0.000000    1.041775
    17        -0.366953244556190    2.908e-01    0.000000    0.000000    0.000000    1.016930
    18        -0.362186661731722    1.164e-01    0.000000    0.000000    0.000000    1.003721
    19        -0.360994202301657    2.542e-02    0.000000    0.000000    0.000000    1.000416
    20        -0.360853208303690    2.836e-03    0.000000    0.000000    0.000000    1.000025
    21        -0.360844473265898    1.709e-04    0.000000    0.000000    0.000000    1.000001
    22        -0.360844168574677    5.871e-06    0.000000    0.000000    0.000000    1.000000
    23        -0.360844162638985    1.133e-07    0.000000    0.000000    0.000000    1.000000
    24        -0.360844162228503    1.138e-09    0.000000    0.000000    0.000000    1.000000

    Iterations converged.


    Largest TIjAb Amplitudes:
      0   0   0   0        -1.0000001408

    SCF energy       (wfn)                    =   -0.572466761385909
    Reference energy (file100)                =   -0.572319587688256

    Opposite-spin MP2 correlation energy      =   -1.230292952818207
    Same-spin MP2 correlation energy          =    0.000000000000000
    MP2 correlation energy                    =   -1.230292952818207
      * MP2 total energy                      =   -1.802612540506463

    Opposite-spin CCSD correlation energy     =   -0.360844162228503
    Same-spin CCSD correlation energy         =    0.000000000000000
    CCSD correlation energy                   =   -0.360844162228503
      * CCSD total energy                     =   -0.933163749916759

