 MINTS: Wrapper to libmints.
   by Justin Turney

   Calculation information:
      Number of threads:                 1
      Number of atoms:                   3
      Number of AO shells:               5
      Number of SO shells:               4
      Number of primitives:             15
      Number of atomic orbitals:         7
      Number of basis functions:         7

      Number of irreps:                  4
      Integral cutoff                 1.00e-12
      Number of functions per irrep: [   4    0    2    1 ]

 OEINTS: Overlap, kinetic, potential, dipole, and quadrupole integrals
         stored in file 35.

      Computing two-electron integrals...done
      Computed 138 non-zero two-electron integrals.
        Stored in file 33.


         ---------------------------------------------------------
                          Configuration Interaction
                            (a 'D E T C I' module)

                 C. David Sherrill, Daniel G. A. Smith, and
                              Matt L. Leininger
         ---------------------------------------------------------


   ==> Parameters <==

    EX LEVEL       =        2      H0 BLOCKSIZE  =     1000
    VAL EX LEVEL   =        0      H0 GUESS SIZE =     1000
    H0COUPLINGSIZE =        0      H0 COUPLING   =       NO
    MAXITER        =       24      NUM PRINT     =       20
    NUM ROOTS      =        1      ICORE         =        1
    PRINT LVL      =        1      FCI           =       NO
    R CONV         = 1.00e-04      MIXED         =      YES
    E CONV         = 1.00e-06      MIXED4        =      YES
    R4S            =       NO      REPL OTF      =       NO
    DIAG METHOD    =      SEM      FOLLOW ROOT   =        0
    PRECONDITIONER = DAVIDSON      UPDATE        = DAVIDSON
    S              =   0.0000      Ms0           =      YES
    GUESS VECTOR   =  H0BLOCK      OPENTYPE      =     NONE
    COLLAPSE SIZE  =        1      HD AVG        = EVANGELISTI
    MAX NUM VECS   =       25      REF SYM       =     AUTO
    IOPEN        =       NO

    EX ALLOW       =  1  1 
    STATE AVERAGE  =  0(1.00) 

   ==> CI Orbital and Space information <==

    RAS1 LVL      =        4      A RAS3 MAX    =        2
    RAS1 MIN      =        8      B RAS3 MAX    =        2
    A RAS1 LVL    =        4      RAS4 LVL      =        7
    A RAS1 MIN    =        3      A RAS4 MAX    =        0
    A RAS1 MAX    =        5      B RAS4 MAX    =        0
    B RAS1 LVL    =        4      RAS4 MAX      =        0
    B RAS1 MIN    =        3      A RAS34 MAX   =        2
    B RAS1 MAX    =        5      B RAS34 MAX   =        2
    RAS3 LVL      =        5      RAS34 MAX     =        2
    RAS3 MAX      =        2
   ------------------------------------------------------
               Space    Total    A1    A2    B1    B2
   ------------------------------------------------------
                 Nso        7     4     0     2     1
                 Nmo        7     4     0     2     1
               Ndocc        5     3     0     1     1
               Nsocc        0     0     0     0     0
   ------------------------------------------------------
                       CI Spaces
   ------------------------------------------------------
        Dropped DOCC        0     0     0     0     0
                RAS1        5     3     0     1     1
                RAS2        0     0     0     0     0
                RAS3        2     1     0     1     0
                RAS4        0     0     0     0     0
      Active (total)        7     4     0     2     1
        Dropped UOCC        0     0     0     0     0
   ------------------------------------------------------

   ==> Setting up CI strings <==

    There are 21 alpha and 21 beta strings
    The CI space requires 49 (4.90E+01) determinants and 9 blocks

   ==> Transforming CI integrals <==

	Presorting SO-basis two-electron integrals.
	Sorting File: SO Ints (nn|nn) nbuckets = 1
	Transforming the one-electron integrals and constructing Fock matrices
	Starting first half-transformation.
	Sorting half-transformed integrals.
	First half integral transformation complete.
	Starting second half-transformation.
	Two-electron integral transformation complete.

   ==> Starting CI iterations <==

    H0 Block Eigenvalue = -74.72994897

    Simultaneous Expansion Method (Block Davidson Method)
    Using 1 initial trial vectors

     Iter   Root       Total Energy       Delta E      C RMS

   @CI  0:     0    -74.729948973809   -7.8554E+01   5.7933E-12  
    Warning: Norm of correction (root 0) is < 1.0E-13
   @CI  1:     0    -74.729948973809   -1.4211E-14   1.8399E-10 c

   ==> Energetics <==

    SCF energy =          -74.270954184083720
    Total CI energy =     -74.729948973808803

   ==> DETCI root 0 information <==

    DETCI Root 0 energy =   -74.729948973808803

   The 20 most important determinants:

    *   1    0.408165  (    4,    9)  1A1X 2A1X 3A1A 1B1A 1B2X 4A1B 2B1B 
    *   2    0.408165  (    9,    4)  1A1X 2A1X 3A1B 1B1B 1B2X 4A1A 2B1A 
    *   3    0.408165  (    5,    8)  1A1X 2A1X 3A1B 1B1A 1B2X 4A1A 2B1B 
    *   4    0.408165  (    8,    5)  1A1X 2A1X 3A1A 1B1B 1B2X 4A1B 2B1A 
    *   5   -0.408165  (   14,   15)  1A1X 2A1X 3A1A 1B1B 1B2X 4A1A 2B1B 
    *   6   -0.408165  (   15,   14)  1A1X 2A1X 3A1B 1B1A 1B2X 4A1B 2B1A 
    *   7    0.008262  (    4,   10)  1A1X 2A1A 3A1X 1B1A 1B2X 4A1B 2B1B 
    *   8    0.008262  (   10,    4)  1A1X 2A1B 3A1X 1B1B 1B2X 4A1A 2B1A 
    *   9   -0.008262  (   14,   16)  1A1X 2A1A 3A1X 1B1B 1B2X 4A1A 2B1B 
    *  10   -0.008262  (   16,   14)  1A1X 2A1B 3A1X 1B1A 1B2X 4A1B 2B1A 
    *  11    0.008262  (    6,    8)  1A1X 2A1B 3A1X 1B1A 1B2X 4A1A 2B1B 
    *  12    0.008262  (    8,    6)  1A1X 2A1A 3A1X 1B1B 1B2X 4A1B 2B1A 
    *  13    0.000064  (    7,    8)  1A1B 2A1X 3A1X 1B1A 1B2X 4A1A 2B1B 
    *  14    0.000064  (    8,    7)  1A1A 2A1X 3A1X 1B1B 1B2X 4A1B 2B1A 
    *  15   -0.000064  (   14,   17)  1A1A 2A1X 3A1X 1B1B 1B2X 4A1A 2B1B 
    *  16   -0.000064  (   17,   14)  1A1B 2A1X 3A1X 1B1A 1B2X 4A1B 2B1A 
    *  17    0.000064  (    4,   11)  1A1A 2A1X 3A1X 1B1A 1B2X 4A1B 2B1B 
    *  18    0.000064  (   11,    4)  1A1B 2A1X 3A1X 1B1B 1B2X 4A1A 2B1A 
    *  19   -0.000000  (    4,    5)  1A1X 2A1X 3A1A 1B1X 1B2X 4A1B 
    *  20   -0.000000  (    5,    4)  1A1X 2A1X 3A1B 1B1X 1B2X 4A1A 

		 "A good bug is a dead bug" 

			 - Starship Troopers

		 "I didn't write FORTRAN.  That's the problem."

			 - Edward Valeev
