
*** tstart() called on Edens-MacBook-Air.local
*** at Sat Jul 24 19:34:28 2021

   => Loading Basis Set <=

    Name: STO-3G
    Role: ORBITAL
    Keyword: BASIS
    atoms 1   entry O          line    81 file /Users/Eden/opt/anaconda3/envs/quantum-computing/share/psi4/basis/sto-3g.gbs 
    atoms 2-3 entry H          line    19 file /Users/Eden/opt/anaconda3/envs/quantum-computing/share/psi4/basis/sto-3g.gbs 


         ---------------------------------------------------------
                                   SCF
               by Justin Turney, Rob Parrish, Andy Simmonett
                          and Daniel G. A. Smith
                              RHF Reference
                        1 Threads,    500 MiB Core
         ---------------------------------------------------------

  ==> Geometry <==

    Molecular point group: c2v
    Full point group: C2v

    Geometry (in Angstrom), charge = 0, multiplicity = 1:

       Center              X                  Y                   Z               Mass       
    ------------   -----------------  -----------------  -----------------  -----------------
         O            0.000000000000     0.000000000000    -0.165243896132    15.994914619570
         H           -2.017400780400    -0.000000000000     1.311270272868     1.007825032230
         H            2.017400780400     0.000000000000     1.311270272868     1.007825032230

  Running in c2v symmetry.

  Rotational constants: A =      4.31968  B =      2.05493  C =      1.39250 [cm^-1]
  Rotational constants: A = 129500.73341  B =  61605.24564  C =  41746.07478 [MHz]
  Nuclear repulsion =    3.517887366774232

  Charge       = 0
  Multiplicity = 1
  Electrons    = 10
  Nalpha       = 5
  Nbeta        = 5

  ==> Algorithm <==

  SCF Algorithm Type is DF.
  DIIS enabled.
  MOM disabled.
  Fractional occupation disabled.
  Guess Type is SAD.
  Energy threshold   = 1.00e-06
  Density threshold  = 1.00e-06
  Integral threshold = 0.00e+00

  ==> Primary Basis <==

  Basis Set: STO-3G
    Blend: STO-3G
    Number of shells: 5
    Number of basis function: 7
    Number of Cartesian functions: 7
    Spherical Harmonics?: true
    Max angular momentum: 1

   => Loading Basis Set <=

    Name: (STO-3G AUX)
    Role: JKFIT
    Keyword: DF_BASIS_SCF
    atoms 1   entry O          line   323 file /Users/Eden/opt/anaconda3/envs/quantum-computing/share/psi4/basis/def2-svp-jkfit.gbs 
    atoms 2-3 entry H          line    23 file /Users/Eden/opt/anaconda3/envs/quantum-computing/share/psi4/basis/def2-svp-jkfit.gbs 

  ==> Pre-Iterations <==

   -------------------------------------------------------
    Irrep   Nso     Nmo     Nalpha   Nbeta   Ndocc  Nsocc
   -------------------------------------------------------
     A1         4       4       0       0       0       0
     A2         0       0       0       0       0       0
     B1         2       2       0       0       0       0
     B2         1       1       0       0       0       0
   -------------------------------------------------------
    Total       7       7       5       5       5       0
   -------------------------------------------------------

  ==> Integral Setup <==

  DFHelper Memory: AOs need 0.000 GiB; user supplied 0.366 GiB. Using in-core AOs.

  ==> MemDFJK: Density-Fitted J/K Matrices <==

    J tasked:                   Yes
    K tasked:                   Yes
    wK tasked:                   No
    OpenMP threads:               1
    Memory [MiB]:               375
    Algorithm:                 Core
    Schwarz Cutoff:           1E-12
    Mask sparsity (%):       0.0000
    Fitting Condition:        1E-10

   => Auxiliary Basis Set <=

  Basis Set: (STO-3G AUX)
    Blend: DEF2-SVP-JKFIT
    Number of shells: 37
    Number of basis function: 113
    Number of Cartesian functions: 133
    Spherical Harmonics?: true
    Max angular momentum: 4

  Minimum eigenvalue in the overlap matrix is 7.6082055381E-01.
  Using Symmetric Orthogonalization.

  SCF Guess: Superposition of Atomic Densities via on-the-fly atomic UHF.

  ==> Iterations <==

                           Total Energy        Delta E     RMS |[F,P]|

   @DF-RHF iter SAD:   -73.36576121366984   -7.33658e+01   0.00000e+00 
   @DF-RHF iter   1:   -73.23563220018887    1.30129e-01   9.64780e-02 DIIS
   @DF-RHF iter   2:   -73.04643460026473    1.89198e-01   5.58628e-02 DIIS
   @DF-RHF iter   3:   -73.22157104267615   -1.75136e-01   9.41569e-02 DIIS
    Occupation by irrep:
             A1    A2    B1    B2 
    DOCC [     3,    0,    2,    0 ]

   @DF-RHF iter   4:   -73.20783709482043    1.37339e-02   9.14879e-02 DIIS
    Occupation by irrep:
             A1    A2    B1    B2 
    DOCC [     3,    0,    1,    1 ]

   @DF-RHF iter   5:   -72.96580518218958    2.42032e-01   2.88708e-02 DIIS
    Occupation by irrep:
             A1    A2    B1    B2 
    DOCC [     3,    0,    2,    0 ]

   @DF-RHF iter   6:   -73.00015965587079   -3.43545e-02   3.59662e-02 DIIS
    Occupation by irrep:
             A1    A2    B1    B2 
    DOCC [     3,    0,    1,    1 ]

   @DF-RHF iter   7:   -74.24791346565974   -1.24775e+00   2.01311e-02 DIIS
   @DF-RHF iter   8:   -74.27802078575344   -3.01073e-02   8.89783e-03 DIIS
   @DF-RHF iter   9:   -74.28448365427526   -6.46287e-03   4.81813e-03 DIIS
   @DF-RHF iter  10:   -74.27216370167335    1.23200e-02   1.09445e-02 DIIS
   @DF-RHF iter  11:   -74.13323925961963    1.38924e-01   6.30961e-02 DIIS
   @DF-RHF iter  12:   -74.27698726377655   -1.43748e-01   1.09181e-02 DIIS
    Occupation by irrep:
             A1    A2    B1    B2 
    DOCC [     3,    0,    2,    0 ]

   @DF-RHF iter  13:   -74.26649632554525    1.04909e-02   1.82087e-02 DIIS
   @DF-RHF iter  14:   -74.27131439805586   -4.81807e-03   3.24134e-03 DIIS
   @DF-RHF iter  15:   -74.27222384776465   -9.09450e-04   1.77598e-04 DIIS
   @DF-RHF iter  16:   -74.27222599527791   -2.14751e-06   8.37646e-05 DIIS
   @DF-RHF iter  17:   -74.27222652984273   -5.34565e-07   1.55932e-06 DIIS
   @DF-RHF iter  18:   -74.27222652996410   -1.21375e-10   6.48615e-07 DIIS
  Energy and wave function converged.


  ==> Post-Iterations <==

    Orbital Energies [Eh]
    ---------------------

    Doubly Occupied:                                                      

       1A1   -20.309556     2A1    -1.134344     1B1    -0.425349  
       3A1    -0.419418     2B1    -0.132033  

    Virtual:                                                              

       4A1    -0.002203     1B2     0.220396  

    Final Occupation by Irrep:
             A1    A2    B1    B2 
    DOCC [     3,    0,    2,    0 ]

  @DF-RHF Final Energy:   -74.27222652996410

   => Energetics <=

    Nuclear Repulsion Energy =              3.5178873667742323
    One-Electron Energy =                -110.7389087662226501
    Two-Electron Energy =                  32.9487948694843098
    Total Energy =                        -74.2722265299641151

Computation Completed


Properties will be evaluated at   0.000000,   0.000000,   0.000000 [a0]

Properties computed using the SCF density matrix

  Nuclear Dipole Moment: [e a0]
     X:     0.0000      Y:     0.0000      Z:     2.4578

  Electronic Dipole Moment: [e a0]
     X:     0.0000      Y:     0.0000      Z:    -2.5213

  Dipole Moment: [e a0]
     X:     0.0000      Y:     0.0000      Z:    -0.0635     Total:     0.0635

  Dipole Moment: [D]
     X:     0.0000      Y:     0.0000      Z:    -0.1614     Total:     0.1614


*** tstop() called on Edens-MacBook-Air.local at Sat Jul 24 19:34:29 2021
Module time:
	user time   =       0.61 seconds =       0.01 minutes
	system time =       0.03 seconds =       0.00 minutes
	total time  =          1 seconds =       0.02 minutes
Total time:
	user time   =      61.17 seconds =       1.02 minutes
	system time =      15.78 seconds =       0.26 minutes
	total time  =        117 seconds =       1.95 minutes

         ---------------------------------------------------------
                                   SCF
               by Justin Turney, Rob Parrish, Andy Simmonett
                          and Daniel G. A. Smith
                              RHF Reference
                        1 Threads,    500 MiB Core
         ---------------------------------------------------------

  ==> Geometry <==

    Molecular point group: c2v
    Full point group: C2v

    Geometry (in Angstrom), charge = 0, multiplicity = 1:

       Center              X                  Y                   Z               Mass       
    ------------   -----------------  -----------------  -----------------  -----------------
         O            0.000000000000     0.000000000000    -0.165243896132    15.994914619570
         H           -2.017400780400    -0.000000000000     1.311270272868     1.007825032230
         H            2.017400780400     0.000000000000     1.311270272868     1.007825032230

  Running in c2v symmetry.

  Rotational constants: A =      4.31968  B =      2.05493  C =      1.39250 [cm^-1]
  Rotational constants: A = 129500.73341  B =  61605.24564  C =  41746.07478 [MHz]
  Nuclear repulsion =    3.517887366774232

  Charge       = 0
  Multiplicity = 1
  Electrons    = 10
  Nalpha       = 5
  Nbeta        = 5

  ==> Algorithm <==

  SCF Algorithm Type is PK.
  DIIS enabled.
  MOM disabled.
  Fractional occupation disabled.
  Guess Type is AUTO.
  Energy threshold   = 1.00e-06
  Density threshold  = 1.00e-06
  Integral threshold = 0.00e+00

  ==> Primary Basis <==

  Basis Set: STO-3G
    Blend: STO-3G
    Number of shells: 5
    Number of basis function: 7
    Number of Cartesian functions: 7
    Spherical Harmonics?: true
    Max angular momentum: 1

