 MINTS: Wrapper to libmints.
   by Justin Turney

   Calculation information:
      Number of threads:                 1
      Number of atoms:                   3
      Number of AO shells:               5
      Number of SO shells:               4
      Number of primitives:             15
      Number of atomic orbitals:         7
      Number of basis functions:         7

      Number of irreps:                  4
      Integral cutoff                 1.00e-12
      Number of functions per irrep: [   4    0    2    1 ]

 OEINTS: Overlap, kinetic, potential, dipole, and quadrupole integrals
         stored in file 35.

      Computing two-electron integrals...done
      Computed 138 non-zero two-electron integrals.
        Stored in file 33.


*** tstart() called on Edens-MacBook-Air.local
*** at Sat Jul 24 19:34:08 2021


	Wfn Parameters:
	--------------------
	Wavefunction         = CCSD
	Number of irreps     = 4
	Number of MOs        = 7
	Number of active MOs = 7
	AO-Basis             = NONE
	Semicanonical        = false
	Reference            = RHF
	Print Level          = 1

	IRREP	# MOs	# FZDC	# DOCC	# SOCC	# VIRT	# FZVR
	-----	-----	------	------	------	------	------
	 A1	   4	    0	    3	    0	    1	    0
	 A2	   0	    0	    0	    0	    0	    0
	 B1	   2	    0	    2	    0	    0	    0
	 B2	   1	    0	    0	    0	    1	    0
	Transforming integrals...
	IWL integrals will be deleted.
	(OO|OO)...
	Presorting SO-basis two-electron integrals.
	Sorting File: SO Ints (nn|nn) nbuckets = 1
	Transforming the one-electron integrals and constructing Fock matrices
	Starting first half-transformation.
	Sorting half-transformed integrals.
	First half integral transformation complete.
	Starting second half-transformation.
	Two-electron integral transformation complete.
	(OO|OV)...
	Starting second half-transformation.
	Two-electron integral transformation complete.
	(OO|VV)...
	Starting second half-transformation.
	Two-electron integral transformation complete.
	(OV|OO)...
	Starting first half-transformation.
	Sorting half-transformed integrals.
	First half integral transformation complete.
	Starting second half-transformation.
	Two-electron integral transformation complete.
	(OV|OV)...
	Starting second half-transformation.
	Two-electron integral transformation complete.
	(OV|VV)...
	Starting second half-transformation.
	Two-electron integral transformation complete.
	(VV|OO)...
	Starting first half-transformation.
	Sorting half-transformed integrals.
	First half integral transformation complete.
	Starting second half-transformation.
	Two-electron integral transformation complete.
	(VV|OV)...
	Starting second half-transformation.
	Two-electron integral transformation complete.
	(VV|VV)...
	Starting second half-transformation.
	Two-electron integral transformation complete.
	Frozen core energy     =      0.00000000000000

	Size of irrep 0 of <ab|cd> integrals:      0.000 (MW) /      0.000 (MB)
	Size of irrep 1 of <ab|cd> integrals:      0.000 (MW) /      0.000 (MB)
	Size of irrep 2 of <ab|cd> integrals:      0.000 (MW) /      0.000 (MB)
	Size of irrep 3 of <ab|cd> integrals:      0.000 (MW) /      0.000 (MB)
	Total:                                     0.000 (MW) /      0.000 (MB)

	Size of irrep 0 of <ia|bc> integrals:      0.000 (MW) /      0.000 (MB)
	Size of irrep 1 of <ia|bc> integrals:      0.000 (MW) /      0.000 (MB)
	Size of irrep 2 of <ia|bc> integrals:      0.000 (MW) /      0.000 (MB)
	Size of irrep 3 of <ia|bc> integrals:      0.000 (MW) /      0.000 (MB)
	Total:                                     0.000 (MW) /      0.000 (MB)

	Size of irrep 0 of tijab amplitudes:       0.000 (MW) /      0.000 (MB)
	Size of irrep 1 of tijab amplitudes:       0.000 (MW) /      0.000 (MB)
	Size of irrep 2 of tijab amplitudes:       0.000 (MW) /      0.000 (MB)
	Size of irrep 3 of tijab amplitudes:       0.000 (MW) /      0.000 (MB)
	Total:                                     0.000 (MW) /      0.000 (MB)

	Nuclear Rep. energy          =      3.51788736677423
	SCF energy                   =    -74.27222652996410
	One-electron energy          =   -110.73889527399251
	Two-electron energy          =     32.94902298316662
	Reference energy             =    -74.27198492405165

*** tstop() called on Edens-MacBook-Air.local at Sat Jul 24 19:34:08 2021
Module time:
	user time   =       0.01 seconds =       0.00 minutes
	system time =       0.10 seconds =       0.00 minutes
	total time  =          0 seconds =       0.00 minutes
Total time:
	user time   =      49.79 seconds =       0.83 minutes
	system time =      13.35 seconds =       0.22 minutes
	total time  =         96 seconds =       1.60 minutes
            **************************
            *                        *
            *        CCENERGY        *
            *                        *
            **************************

    Nuclear Rep. energy (wfn)     =    3.517887366774232
    SCF energy          (wfn)     =  -74.272226529964101
    Reference energy    (file100) =  -74.271984924051651

    Input parameters:
    -----------------
    Wave function   =     CCSD
    Reference wfn   =     RHF
    Brueckner       =     No
    Memory (Mbytes) =     524.3
    Maxiter         =     50
    R_Convergence   =     1.0e-07
    E_Convergence   =     1.0e-06
    Restart         =     Yes
    DIIS            =     Yes
    AO Basis        =     NONE
    ABCD            =     NEW
    Cache Level     =     2
    Cache Type      =     LOW
    Print Level     =     1
    Num. of threads =     1
    # Amps to Print =     10
    Print MP2 Amps? =     No
    Analyze T2 Amps =     No
    Print Pair Ener =     No
    Local CC        =     No
    SCS-MP2         =     False
    SCSN-MP2        =     False
    SCS-CCSD        =     False

MP2 correlation energy -0.4022147940967972
                Solving CC Amplitude Equations
                ------------------------------
  Iter             Energy              RMS        T1Diag      D1Diag    New D1Diag    D2Diag
  ----     ---------------------    ---------   ----------  ----------  ----------   --------
     0        -0.402214794096797    0.000e+00    0.000000    0.000000    0.000000    1.218831
     1        -0.225157834530695    5.861e-01    0.029563    0.093488    0.093488    0.642330
     2        -0.330784455540103    7.515e-01    0.024078    0.076141    0.076141    0.970358
     3        -0.346749378145972    1.101e-01    0.019882    0.062872    0.062872    1.013598
     4        -0.352071415979222    2.764e-02    0.019509    0.061694    0.061694    1.017338
     5        -0.353304972126816    2.750e-02    0.019869    0.062830    0.062830    1.013714
     6        -0.362029620124401    2.267e-02    0.022224    0.070278    0.070278    1.000235
     7        -0.367712602809451    3.547e-02    0.020640    0.065271    0.065271    1.010582
     8        -0.368461778676981    9.789e-03    0.020528    0.064916    0.064916    1.013546
     9        -0.368649859874391    2.610e-03    0.020504    0.064840    0.064840    1.014361
    10        -0.368636265808193    2.048e-03    0.020513    0.064868    0.064868    1.014203
    11        -0.368641306242140    1.999e-03    0.020509    0.064856    0.064856    1.014214
    12        -0.368639681303460    1.996e-03    0.020509    0.064854    0.064854    1.014223
    13        -0.368656656351452    1.996e-03    0.020507    0.064849    0.064849    1.014252
    14        -0.368763631820299    1.995e-03    0.020448    0.064661    0.064661    1.014806
    15        -0.370791575938757    1.963e-03    0.019131    0.060497    0.060497    1.670934
    16        -0.369735063481143    1.981e-03    0.019775    0.062533    0.062533    1.086087
    17        -0.370155709716823    9.085e-04    0.019533    0.061767    0.061767    1.267214
    18        -0.370128985848589    8.893e-05    0.019534    0.061772    0.061772    1.259353
    19        -0.370133667757797    7.890e-05    0.019523    0.061738    0.061738    1.269759
    20        -0.370146167943663    3.678e-05    0.019515    0.061713    0.061713    1.276849
    21        -0.370147863606091    6.878e-06    0.019512    0.061704    0.061704    1.279043
    22        -0.370146325556663    3.663e-06    0.019513    0.061707    0.061707    1.278226
    23        -0.370146266222483    1.033e-06    0.019513    0.061706    0.061706    1.278299
    24        -0.370146521986461    6.235e-07    0.019513    0.061706    0.061706    1.278447
    25        -0.370146499007638    1.277e-07    0.019513    0.061706    0.061706    1.278422
    26        -0.370146501416310    3.980e-08    0.019513    0.061706    0.061706    1.278422

    Iterations converged.


    Largest TIA Amplitudes:
              2   0        -0.0614967072
              1   0         0.0050760538
              0   0         0.0000083586

    Largest TIjAb Amplitudes:
      3   3   1   1        -1.2274946819
      4   4   0   0        -1.0076357123
      2   2   1   1         0.2123377563
      3   4   1   1        -0.2019104257
      4   3   1   1        -0.2019104257
      3   4   0   0         0.0507071433
      4   3   0   0         0.0507071433
      4   4   1   1        -0.0311393264
      1   1   1   1         0.0052303462
      3   3   0   0        -0.0011844539

    SCF energy       (wfn)                    =  -74.272226529964101
    Reference energy (file100)                =  -74.271984924051651

    Opposite-spin MP2 correlation energy      =   -0.402214794096797
    Same-spin MP2 correlation energy          =    0.000000000000000
    MP2 correlation energy                    =   -0.402214794096797
      * MP2 total energy                      =  -74.674199718148444

    Opposite-spin CCSD correlation energy     =   -0.370146501416310
    Same-spin CCSD correlation energy         =    0.000000000000000
    CCSD correlation energy                   =   -0.370146501416310
      * CCSD total energy                     =  -74.642131425467966

