
*** tstart() called on Edens-MacBook-Air.local
*** at Tue Jul 20 21:12:46 2021

   => Loading Basis Set <=

    Name: STO-3G
    Role: ORBITAL
    Keyword: BASIS
    atoms 1 entry LI         line    31 file /Users/Eden/opt/anaconda3/envs/quantum-computing/share/psi4/basis/sto-3g.gbs 
    atoms 2 entry H          line    19 file /Users/Eden/opt/anaconda3/envs/quantum-computing/share/psi4/basis/sto-3g.gbs 


         ---------------------------------------------------------
                                   SCF
               by Justin Turney, Rob Parrish, Andy Simmonett
                          and Daniel G. A. Smith
                              RHF Reference
                        1 Threads,    500 MiB Core
         ---------------------------------------------------------

  ==> Geometry <==

    Molecular point group: c2v
    Full point group: C_inf_v

    Geometry (in Angstrom), charge = 0, multiplicity = 1:

       Center              X                  Y                   Z               Mass       
    ------------   -----------------  -----------------  -----------------  -----------------
         LI           0.000000000000     0.000000000000    -0.351691228346     7.016003436600
         H            0.000000000000     0.000000000000     2.448308771654     1.007825032230

  Running in c2v symmetry.

  Rotational constants: A = ************  B =      2.43998  C =      2.43998 [cm^-1]
  Rotational constants: A = ************  B =  73148.90651  C =  73148.90651 [MHz]
  Nuclear repulsion =    0.566975582860714

  Charge       = 0
  Multiplicity = 1
  Electrons    = 4
  Nalpha       = 2
  Nbeta        = 2

  ==> Algorithm <==

  SCF Algorithm Type is DF.
  DIIS enabled.
  MOM disabled.
  Fractional occupation disabled.
  Guess Type is SAD.
  Energy threshold   = 1.00e-06
  Density threshold  = 1.00e-06
  Integral threshold = 0.00e+00

  ==> Primary Basis <==

  Basis Set: STO-3G
    Blend: STO-3G
    Number of shells: 4
    Number of basis function: 6
    Number of Cartesian functions: 6
    Spherical Harmonics?: true
    Max angular momentum: 1

   => Loading Basis Set <=

    Name: (STO-3G AUX)
    Role: JKFIT
    Keyword: DF_BASIS_SCF
    atoms 1 entry LI         line    59 file /Users/Eden/opt/anaconda3/envs/quantum-computing/share/psi4/basis/def2-svp-jkfit.gbs 
    atoms 2 entry H          line    23 file /Users/Eden/opt/anaconda3/envs/quantum-computing/share/psi4/basis/def2-svp-jkfit.gbs 

  ==> Pre-Iterations <==

   -------------------------------------------------------
    Irrep   Nso     Nmo     Nalpha   Nbeta   Ndocc  Nsocc
   -------------------------------------------------------
     A1         4       4       0       0       0       0
     A2         0       0       0       0       0       0
     B1         1       1       0       0       0       0
     B2         1       1       0       0       0       0
   -------------------------------------------------------
    Total       6       6       2       2       2       0
   -------------------------------------------------------

  ==> Integral Setup <==

  DFHelper Memory: AOs need 0.000 GiB; user supplied 0.366 GiB. Using in-core AOs.

  ==> MemDFJK: Density-Fitted J/K Matrices <==

    J tasked:                   Yes
    K tasked:                   Yes
    wK tasked:                   No
    OpenMP threads:               1
    Memory [MiB]:               375
    Algorithm:                 Core
    Schwarz Cutoff:           1E-12
    Mask sparsity (%):       0.0000
    Fitting Condition:        1E-10

   => Auxiliary Basis Set <=

  Basis Set: (STO-3G AUX)
    Blend: DEF2-SVP-JKFIT
    Number of shells: 23
    Number of basis function: 69
    Number of Cartesian functions: 80
    Spherical Harmonics?: true
    Max angular momentum: 3

  Minimum eigenvalue in the overlap matrix is 6.7928894088E-01.
  Using Symmetric Orthogonalization.

  SCF Guess: Superposition of Atomic Densities via on-the-fly atomic UHF.

  ==> Iterations <==

                           Total Energy        Delta E     RMS |[F,P]|

   @DF-RHF iter SAD:    -7.41230585782492   -7.41231e+00   0.00000e+00 
   @DF-RHF iter   1:    -7.66445095626381   -2.52145e-01   3.75981e-02 DIIS
   @DF-RHF iter   2:    -7.72941921071830   -6.49683e-02   1.15857e-02 DIIS
   @DF-RHF iter   3:    -7.73407686951600   -4.65766e-03   5.69188e-04 DIIS
   @DF-RHF iter   4:    -7.73410231541632   -2.54459e-05   3.03077e-04 DIIS
   @DF-RHF iter   5:    -7.73411260568866   -1.02903e-05   8.41054e-05 DIIS
   @DF-RHF iter   6:    -7.73411341960995   -8.13921e-07   5.61978e-07 DIIS
  Energy and wave function converged.


  ==> Post-Iterations <==

    Orbital Energies [Eh]
    ---------------------

    Doubly Occupied:                                                      

       1A1    -2.381968     2A1    -0.188064  

    Virtual:                                                              

       3A1     0.060502     1B1     0.152972     1B2     0.152972  
       4A1     0.262349  

    Final Occupation by Irrep:
             A1    A2    B1    B2 
    DOCC [     2,    0,    0,    0 ]

  @DF-RHF Final Energy:    -7.73411341960995

   => Energetics <=

    Nuclear Repulsion Energy =              0.5669755828607144
    One-Electron Energy =                 -11.4621128222382964
    Two-Electron Energy =                   3.1610238197676344
    Total Energy =                         -7.7341134196099484

Computation Completed


Properties will be evaluated at   0.000000,   0.000000,   0.000000 [a0]

Properties computed using the SCF density matrix

  Nuclear Dipole Moment: [e a0]
     X:     0.0000      Y:     0.0000      Z:     2.6328

  Electronic Dipole Moment: [e a0]
     X:     0.0000      Y:     0.0000      Z:    -4.6763

  Dipole Moment: [e a0]
     X:     0.0000      Y:     0.0000      Z:    -2.0434     Total:     2.0434

  Dipole Moment: [D]
     X:     0.0000      Y:     0.0000      Z:    -5.1938     Total:     5.1938


*** tstop() called on Edens-MacBook-Air.local at Tue Jul 20 21:12:46 2021
Module time:
	user time   =       0.40 seconds =       0.01 minutes
	system time =       0.02 seconds =       0.00 minutes
	total time  =          0 seconds =       0.00 minutes
Total time:
	user time   =     276.15 seconds =       4.60 minutes
	system time =      58.83 seconds =       0.98 minutes
	total time  =       5298 seconds =      88.30 minutes

         ---------------------------------------------------------
                                   SCF
               by Justin Turney, Rob Parrish, Andy Simmonett
                          and Daniel G. A. Smith
                              RHF Reference
                        1 Threads,    500 MiB Core
         ---------------------------------------------------------

  ==> Geometry <==

    Molecular point group: c2v
    Full point group: C_inf_v

    Geometry (in Angstrom), charge = 0, multiplicity = 1:

       Center              X                  Y                   Z               Mass       
    ------------   -----------------  -----------------  -----------------  -----------------
         LI           0.000000000000     0.000000000000    -0.351691228346     7.016003436600
         H            0.000000000000     0.000000000000     2.448308771654     1.007825032230

  Running in c2v symmetry.

  Rotational constants: A = ************  B =      2.43998  C =      2.43998 [cm^-1]
  Rotational constants: A = ************  B =  73148.90651  C =  73148.90651 [MHz]
  Nuclear repulsion =    0.566975582860714

  Charge       = 0
  Multiplicity = 1
  Electrons    = 4
  Nalpha       = 2
  Nbeta        = 2

  ==> Algorithm <==

  SCF Algorithm Type is PK.
  DIIS enabled.
  MOM disabled.
  Fractional occupation disabled.
  Guess Type is AUTO.
  Energy threshold   = 1.00e-06
  Density threshold  = 1.00e-06
  Integral threshold = 0.00e+00

  ==> Primary Basis <==

  Basis Set: STO-3G
    Blend: STO-3G
    Number of shells: 4
    Number of basis function: 6
    Number of Cartesian functions: 6
    Spherical Harmonics?: true
    Max angular momentum: 1

