 MINTS: Wrapper to libmints.
   by Justin Turney

   Calculation information:
      Number of threads:                 1
      Number of atoms:                   2
      Number of AO shells:               4
      Number of SO shells:               4
      Number of primitives:             12
      Number of atomic orbitals:         6
      Number of basis functions:         6

      Number of irreps:                  4
      Integral cutoff                 1.00e-12
      Number of functions per irrep: [   4    0    1    1 ]

 OEINTS: Overlap, kinetic, potential, dipole, and quadrupole integrals
         stored in file 35.

      Computing two-electron integrals...done
      Computed 83 non-zero two-electron integrals.
        Stored in file 33.


*** tstart() called on Edens-MacBook-Air.local
*** at Tue Jul 20 21:12:47 2021


	Wfn Parameters:
	--------------------
	Wavefunction         = CCSD
	Number of irreps     = 4
	Number of MOs        = 6
	Number of active MOs = 6
	AO-Basis             = NONE
	Semicanonical        = false
	Reference            = RHF
	Print Level          = 1

	IRREP	# MOs	# FZDC	# DOCC	# SOCC	# VIRT	# FZVR
	-----	-----	------	------	------	------	------
	 A1	   4	    0	    2	    0	    2	    0
	 A2	   0	    0	    0	    0	    0	    0
	 B1	   1	    0	    0	    0	    1	    0
	 B2	   1	    0	    0	    0	    1	    0
	Transforming integrals...
	IWL integrals will be deleted.
	(OO|OO)...
	Presorting SO-basis two-electron integrals.
	Sorting File: SO Ints (nn|nn) nbuckets = 1
	Transforming the one-electron integrals and constructing Fock matrices
	Starting first half-transformation.
	Sorting half-transformed integrals.
	First half integral transformation complete.
	Starting second half-transformation.
	Two-electron integral transformation complete.
	(OO|OV)...
	Starting second half-transformation.
	Two-electron integral transformation complete.
	(OO|VV)...
	Starting second half-transformation.
	Two-electron integral transformation complete.
	(OV|OO)...
	Starting first half-transformation.
	Sorting half-transformed integrals.
	First half integral transformation complete.
	Starting second half-transformation.
	Two-electron integral transformation complete.
	(OV|OV)...
	Starting second half-transformation.
	Two-electron integral transformation complete.
	(OV|VV)...
	Starting second half-transformation.
	Two-electron integral transformation complete.
	(VV|OO)...
	Starting first half-transformation.
	Sorting half-transformed integrals.
	First half integral transformation complete.
	Starting second half-transformation.
	Two-electron integral transformation complete.
	(VV|OV)...
	Starting second half-transformation.
	Two-electron integral transformation complete.
	(VV|VV)...
	Starting second half-transformation.
	Two-electron integral transformation complete.
	Frozen core energy     =      0.00000000000000

	Size of irrep 0 of <ab|cd> integrals:      0.000 (MW) /      0.000 (MB)
	Size of irrep 1 of <ab|cd> integrals:      0.000 (MW) /      0.000 (MB)
	Size of irrep 2 of <ab|cd> integrals:      0.000 (MW) /      0.000 (MB)
	Size of irrep 3 of <ab|cd> integrals:      0.000 (MW) /      0.000 (MB)
	Total:                                     0.000 (MW) /      0.001 (MB)

	Size of irrep 0 of <ia|bc> integrals:      0.000 (MW) /      0.000 (MB)
	Size of irrep 1 of <ia|bc> integrals:      0.000 (MW) /      0.000 (MB)
	Size of irrep 2 of <ia|bc> integrals:      0.000 (MW) /      0.000 (MB)
	Size of irrep 3 of <ia|bc> integrals:      0.000 (MW) /      0.000 (MB)
	Total:                                     0.000 (MW) /      0.000 (MB)

	Size of irrep 0 of tijab amplitudes:       0.000 (MW) /      0.000 (MB)
	Size of irrep 1 of tijab amplitudes:       0.000 (MW) /      0.000 (MB)
	Size of irrep 2 of tijab amplitudes:       0.000 (MW) /      0.000 (MB)
	Size of irrep 3 of tijab amplitudes:       0.000 (MW) /      0.000 (MB)
	Total:                                     0.000 (MW) /      0.000 (MB)

	Nuclear Rep. energy          =      0.56697558286071
	SCF energy                   =     -7.73411341960995
	One-electron energy          =    -11.46211312191276
	Two-electron energy          =      3.16114621144334
	Reference energy             =     -7.73399132760871

*** tstop() called on Edens-MacBook-Air.local at Tue Jul 20 21:12:47 2021
Module time:
	user time   =       0.02 seconds =       0.00 minutes
	system time =       0.12 seconds =       0.00 minutes
	total time  =          0 seconds =       0.00 minutes
Total time:
	user time   =     276.27 seconds =       4.60 minutes
	system time =      58.97 seconds =       0.98 minutes
	total time  =       5299 seconds =      88.32 minutes
            **************************
            *                        *
            *        CCENERGY        *
            *                        *
            **************************

    Nuclear Rep. energy (wfn)     =    0.566975582860714
    SCF energy          (wfn)     =   -7.734113419609948
    Reference energy    (file100) =   -7.733991327608709

    Input parameters:
    -----------------
    Wave function   =     CCSD
    Reference wfn   =     RHF
    Brueckner       =     No
    Memory (Mbytes) =     524.3
    Maxiter         =     50
    R_Convergence   =     1.0e-07
    E_Convergence   =     1.0e-06
    Restart         =     Yes
    DIIS            =     Yes
    AO Basis        =     NONE
    ABCD            =     NEW
    Cache Level     =     2
    Cache Type      =     LOW
    Print Level     =     1
    Num. of threads =     1
    # Amps to Print =     10
    Print MP2 Amps? =     No
    Analyze T2 Amps =     No
    Print Pair Ener =     No
    Local CC        =     No
    SCS-MP2         =     False
    SCSN-MP2        =     False
    SCS-CCSD        =     False

MP2 correlation energy -0.0368254029176452
                Solving CC Amplitude Equations
                ------------------------------
  Iter             Energy              RMS        T1Diag      D1Diag    New D1Diag    D2Diag
  ----     ---------------------    ---------   ----------  ----------  ----------   --------
     0        -0.036825402917645    0.000e+00    0.000000    0.000000    0.000000    0.221649
     1        -0.054111603673160    1.178e-01    0.019170    0.038339    0.038339    0.327877
     2        -0.070063578560384    6.607e-02    0.038471    0.076940    0.076940    0.435108
     3        -0.070809359493556    2.488e-02    0.049774    0.099546    0.099546    0.445943
     4        -0.071317375199195    2.028e-02    0.074169    0.148334    0.148334    0.471595
     5        -0.073282182226004    7.560e-03    0.086834    0.173664    0.173664    0.494601
     6        -0.072511900071101    4.099e-03    0.081003    0.162002    0.162002    0.485055
     7        -0.072731912743805    1.519e-03    0.082539    0.165074    0.165074    0.487584
     8        -0.072712479338897    1.021e-04    0.082441    0.164879    0.164879    0.487379
     9        -0.072710702900366    8.775e-06    0.082432    0.164861    0.164861    0.487361
    10        -0.072710761753457    6.141e-07    0.082433    0.164862    0.164862    0.487362
    11        -0.072710763320990    8.928e-08    0.082433    0.164862    0.164862    0.487362

    Iterations converged.


    Largest TIA Amplitudes:
              1   0         0.1612480874
              1   1        -0.0343287449
              0   1        -0.0011610891
              0   0        -0.0000688851

    Largest TIjAb Amplitudes:
      1   1   0   0        -0.2790596418
      1   1   0   1        -0.2356413463
      1   1   1   0        -0.2356413463
      1   1   1   1        -0.2193829984
      1   1   2   2        -0.0143835924
      1   1   3   3        -0.0143835924
      0   1   2   2         0.0038500818
      0   1   3   3         0.0038500818
      1   0   2   2         0.0038500818
      1   0   3   3         0.0038500818

    SCF energy       (wfn)                    =   -7.734113419609948
    Reference energy (file100)                =   -7.733991327608709

    Opposite-spin MP2 correlation energy      =   -0.036822633343767
    Same-spin MP2 correlation energy          =   -0.000002769573878
    MP2 correlation energy                    =   -0.036825402917645
      * MP2 total energy                      =   -7.770816730526354

    Opposite-spin CCSD correlation energy     =   -0.072714414944377
    Same-spin CCSD correlation energy         =    0.000003651623386
    CCSD correlation energy                   =   -0.072710763320990
      * CCSD total energy                     =   -7.806702090929699

