 MINTS: Wrapper to libmints.
   by Justin Turney

   Calculation information:
      Number of threads:                 1
      Number of atoms:                   2
      Number of AO shells:               4
      Number of SO shells:               4
      Number of primitives:             12
      Number of atomic orbitals:         6
      Number of basis functions:         6

      Number of irreps:                  4
      Integral cutoff                 1.00e-12
      Number of functions per irrep: [   4    0    1    1 ]

 OEINTS: Overlap, kinetic, potential, dipole, and quadrupole integrals
         stored in file 35.

      Computing two-electron integrals...done
      Computed 83 non-zero two-electron integrals.
        Stored in file 33.


         ---------------------------------------------------------
                          Configuration Interaction
                            (a 'D E T C I' module)

                 C. David Sherrill, Daniel G. A. Smith, and
                              Matt L. Leininger
         ---------------------------------------------------------


   ==> Parameters <==

    EX LEVEL       =        4      H0 BLOCKSIZE  =     1000
    VAL EX LEVEL   =        0      H0 GUESS SIZE =     1000
    H0COUPLINGSIZE =        0      H0 COUPLING   =       NO
    MAXITER        =       24      NUM PRINT     =       20
    NUM ROOTS      =        1      ICORE         =        1
    PRINT LVL      =        1      FCI           =      YES
    R CONV         = 1.00e-04      MIXED         =      YES
    E CONV         = 1.00e-06      MIXED4        =      YES
    R4S            =       NO      REPL OTF      =       NO
    DIAG METHOD    =      SEM      FOLLOW ROOT   =        0
    PRECONDITIONER = DAVIDSON      UPDATE        = DAVIDSON
    S              =   0.0000      Ms0           =      YES
    GUESS VECTOR   =  H0BLOCK      OPENTYPE      =     NONE
    COLLAPSE SIZE  =        1      HD AVG        = EVANGELISTI
    MAX NUM VECS   =       25      REF SYM       =     AUTO
    IOPEN        =       NO

    EX ALLOW       =  1  1  1  1 
    STATE AVERAGE  =  0(1.00) 

   ==> CI Orbital and Space information <==

   ------------------------------------------------------
               Space    Total    A1    A2    B1    B2
   ------------------------------------------------------
                 Nso        6     4     0     1     1
                 Nmo        6     4     0     1     1
               Ndocc        2     2     0     0     0
               Nsocc        0     0     0     0     0
   ------------------------------------------------------
                       CI Spaces
   ------------------------------------------------------
        Dropped DOCC        0     0     0     0     0
              Active        6     4     0     1     1
        Dropped UOCC        0     0     0     0     0
   ------------------------------------------------------

   ==> Setting up CI strings <==

    There are 15 alpha and 15 beta strings
    The CI space requires 69 (6.90E+01) determinants and 4 blocks

   ==> Transforming CI integrals <==

	Presorting SO-basis two-electron integrals.
	Sorting File: SO Ints (nn|nn) nbuckets = 1
	Transforming the one-electron integrals and constructing Fock matrices
	Starting first half-transformation.
	Sorting half-transformed integrals.
	First half integral transformation complete.
	Starting second half-transformation.
	Two-electron integral transformation complete.

   ==> Starting CI iterations <==

    H0 Block Eigenvalue =  -7.80676340

    Simultaneous Expansion Method (Block Davidson Method)
    Using 1 initial trial vectors

     Iter   Root       Total Energy       Delta E      C RMS

   @CI  0:     0     -7.806763402504   -8.3737E+00   3.1133E-14  
    Warning: Norm of correction (root 0) is < 1.0E-13
   @CI  1:     0     -7.806763402504   0.0000E+00   7.6029E-14 c

   ==> Energetics <==

    SCF energy =           -7.734113419609948
    Total CI energy =      -7.806763402503738

   ==> FCI root 0 information <==

    FCI Root 0 energy =    -7.806763402503738

   The 20 most important determinants:

    *   1    0.882601  (    0,    0)  1A1X 2A1X 
    *   2   -0.223979  (    1,    1)  1A1X 3A1X 
    *   3   -0.213062  (    1,    3)  1A1X 3A1A 4A1B 
    *   4   -0.213062  (    3,    1)  1A1X 3A1B 4A1A 
    *   5   -0.192470  (    3,    3)  1A1X 4A1X 
    *   6    0.142674  (    0,    1)  1A1X 2A1A 3A1B 
    *   7    0.142674  (    1,    0)  1A1X 2A1B 3A1A 
    *   8   -0.030416  (    0,    3)  1A1X 2A1A 4A1B 
    *   9   -0.030416  (    3,    0)  1A1X 2A1B 4A1A 
    *  10   -0.012795  (    7,    7)  1A1X 1B1X 
    *  11   -0.012795  (   11,   11)  1A1X 1B2X 
    *  12   -0.003524  (   11,   12)  1A1A 2A1B 1B2X 
    *  13   -0.003524  (   12,   11)  1A1B 2A1A 1B2X 
    *  14   -0.003524  (    7,    8)  1A1A 2A1B 1B1X 
    *  15   -0.003524  (    8,    7)  1A1B 2A1A 1B1X 
    *  16    0.002966  (    1,    4)  1A1A 2A1B 3A1A 4A1B 
    *  17    0.002966  (    4,    1)  1A1B 2A1A 3A1B 4A1A 
    *  18   -0.002450  (    2,    2)  2A1X 3A1X 
    *  19    0.002142  (    2,    3)  1A1B 2A1A 3A1A 4A1B 
    *  20    0.002142  (    3,    2)  1A1A 2A1B 3A1B 4A1A 

		 "A good bug is a dead bug" 

			 - Starship Troopers

		 "I didn't write FORTRAN.  That's the problem."

			 - Edward Valeev
